#
# There is insufficient memory for the Java Runtime Environment to continue.
# Native memory allocation (malloc) failed to allocate 162176 bytes for Chunk::new
# Possible reasons:
#   The system is out of physical RAM or swap space
#   The process is running with CompressedOops enabled, and the Java Heap may be blocking the growth of the native heap
# Possible solutions:
#   Reduce memory load on the system
#   Increase physical memory or swap space
#   Check if swap backing store is full
#   Decrease Java heap size (-Xmx/-Xms)
#   Decrease number of Java threads
#   Decrease Java thread stack sizes (-Xss)
#   Set larger code cache with -XX:ReservedCodeCacheSize=
#   JVM is running with Unscaled Compressed Oops mode in which the Java heap is
#     placed in the first 4GB address space. The Java Heap base address is the
#     maximum limit for the native heap growth. Please use -XX:HeapBaseMinAddress
#     to set the Java Heap base and to place the Java Heap above 4GB virtual address.
# This output file may be truncated or incomplete.
#
#  Out of Memory Error (./open/src/hotspot/share/memory/arena.cpp:197), pid=16160, tid=20316
#
# JRE version: Java(TM) SE Runtime Environment 18.9 (11.0.15+8) (build 11.0.15+8-LTS-149)
# Java VM: Java HotSpot(TM) 64-Bit Server VM 18.9 (11.0.15+8-LTS-149, mixed mode, tiered, compressed oops, g1 gc, windows-amd64)
# No core dump will be written. Minidumps are not enabled by default on client versions of Windows
#

---------------  S U M M A R Y ------------

Command Line: -XX:MaxMetaspaceSize=512m --add-opens=java.base/java.util=ALL-UNNAMED --add-opens=java.base/java.lang=ALL-UNNAMED --add-opens=java.base/java.lang.invoke=ALL-UNNAMED --add-opens=java.base/java.util=ALL-UNNAMED --add-opens=java.prefs/java.util.prefs=ALL-UNNAMED --add-opens=java.prefs/java.util.prefs=ALL-UNNAMED --add-opens=java.base/java.nio.charset=ALL-UNNAMED --add-opens=java.base/java.net=ALL-UNNAMED --add-opens=java.base/java.util.concurrent.atomic=ALL-UNNAMED -Xmx2048m -Dfile.encoding=windows-1252 -Duser.country=AE -Duser.language=en -Duser.variant org.gradle.launcher.daemon.bootstrap.GradleDaemon 7.5.1

Host: Intel(R) Core(TM) i7-6700T CPU @ 2.80GHz, 8 cores, 15G,  Windows 10 , 64 bit Build 19041 (10.0.19041.2913)
Time: Mon May 22 11:48:02 2023 Arabian Standard Time elapsed time: 27.024026 seconds (0d 0h 0m 27s)

---------------  T H R E A D  ---------------

Current thread (0x000001dedb346800):  JavaThread "C2 CompilerThread0" daemon [_thread_in_native, id=20316, stack(0x00000047ac000000,0x00000047ac100000)]


Current CompileTask:
C2:  27024 7827       4       sun.nio.cs.UTF_8$Decoder::decodeArrayLoop (691 bytes)

Stack: [0x00000047ac000000,0x00000047ac100000]
Native frames: (J=compiled Java code, j=interpreted, Vv=VM code, C=native code)
V  [jvm.dll+0x629d8a]
V  [jvm.dll+0x7638ff]
V  [jvm.dll+0x764fa9]
V  [jvm.dll+0x765633]
V  [jvm.dll+0x23d9c8]
V  [jvm.dll+0xb2a1c]
V  [jvm.dll+0xb2fdc]
V  [jvm.dll+0x2ae744]
V  [jvm.dll+0x53d4c6]
V  [jvm.dll+0x1f9f75]
V  [jvm.dll+0x1f762d]
V  [jvm.dll+0x177c51]
V  [jvm.dll+0x207026]
V  [jvm.dll+0x2051bb]
V  [jvm.dll+0x729820]
V  [jvm.dll+0x7223f4]
V  [jvm.dll+0x628c26]
C  [ucrtbase.dll+0x21bb2]
C  [KERNEL32.DLL+0x17614]
C  [ntdll.dll+0x526a1]


---------------  P R O C E S S  ---------------

Threads class SMR info:
_java_thread_list=0x000001dedd8cede0, length=115, elements={
0x000001debaade000, 0x000001dedaaff000, 0x000001dedab00800, 0x000001dedab0e800,
0x000001dedb342800, 0x000001dedb343800, 0x000001dedb346800, 0x000001dedb39b800,
0x000001dedb39d000, 0x000001dedb502800, 0x000001dedda90000, 0x000001dedd3c8800,
0x000001dede034800, 0x000001dede035800, 0x000001dedcc47800, 0x000001dedcc48000,
0x000001dedd362800, 0x000001dedd363000, 0x000001dedd97d800, 0x000001dede705800,
0x000001dede706800, 0x000001dede705000, 0x000001dede704000, 0x000001dedd5d5000,
0x000001dedd5d6000, 0x000001dedd5d7800, 0x000001dedd5d8800, 0x000001dedd5da800,
0x000001dedd5d9000, 0x000001dedd5da000, 0x000001dedd5db800, 0x000001dedd5d6800,
0x000001dedd5e3000, 0x000001dedd5e1000, 0x000001dedd5e0800, 0x000001dedd5dd000,
0x000001dedd5df000, 0x000001dedd5e3800, 0x000001dedd5de000, 0x000001dee0e64000,
0x000001dee0e66800, 0x000001dee0e63800, 0x000001dee0e68000, 0x000001dee0e67800,
0x000001dee0e69000, 0x000001dee0e6a000, 0x000001dee0e65000, 0x000001dee0e66000,
0x000001dedd884800, 0x000001dedd881000, 0x000001dedd886000, 0x000001dedd887000,
0x000001dedd882000, 0x000001dedd888800, 0x000001dedd885000, 0x000001dedd887800,
0x000001dedd883800, 0x000001dedd883000, 0x000001dedd88f000, 0x000001dedd889800,
0x000001dedd88c800, 0x000001dedd88b000, 0x000001dedd88d800, 0x000001dedd88b800,
0x000001dedd890000, 0x000001dedd88e000, 0x000001dedd88a000, 0x000001dedcaff800,
0x000001dedcafd000, 0x000001dedcb00800, 0x000001dedcb02000, 0x000001dedcafe000,
0x000001dedcb01000, 0x000001dedcafe800, 0x000001dedcafc000, 0x000001dedcb06000,
0x000001dedcb08800, 0x000001dedcb04800, 0x000001dedcb03000, 0x000001dedcb07000,
0x000001dedcb09800, 0x000001dedcb05000, 0x000001dedcb03800, 0x000001dedcb0a000,
0x000001dedcb0b000, 0x000001deddd96000, 0x000001deddd95000, 0x000001deddd97800,
0x000001deddd99800, 0x000001deddd98800, 0x000001deddd93800, 0x000001deddd97000,
0x000001deddd9a000, 0x000001deddd94800, 0x000001deddd9c800, 0x000001deddd9b000,
0x000001deddd9e000, 0x000001deddd9c000, 0x000001deddda0800, 0x000001deddd9d800,
0x000001deddd9f000, 0x000001deddda0000, 0x000001deddda1800, 0x000001deddda2800,
0x000001dedde70000, 0x000001dedde73800, 0x000001dedde71800, 0x000001dedde72800,
0x000001dedde76000, 0x000001dedde74000, 0x000001dedde75000, 0x000001dedde76800,
0x000001dedde71000, 0x000001dedde7a800, 0x000001dedde7d000
}

Java Threads: ( => current thread )
  0x000001debaade000 JavaThread "main" [_thread_blocked, id=13980, stack(0x00000047ab400000,0x00000047ab500000)]
  0x000001dedaaff000 JavaThread "Reference Handler" daemon [_thread_blocked, id=4628, stack(0x00000047abb00000,0x00000047abc00000)]
  0x000001dedab00800 JavaThread "Finalizer" daemon [_thread_blocked, id=2920, stack(0x00000047abc00000,0x00000047abd00000)]
  0x000001dedab0e800 JavaThread "Signal Dispatcher" daemon [_thread_blocked, id=13264, stack(0x00000047abd00000,0x00000047abe00000)]
  0x000001dedb342800 JavaThread "Attach Listener" daemon [_thread_blocked, id=23212, stack(0x00000047abe00000,0x00000047abf00000)]
  0x000001dedb343800 JavaThread "Service Thread" daemon [_thread_blocked, id=12364, stack(0x00000047abf00000,0x00000047ac000000)]
=>0x000001dedb346800 JavaThread "C2 CompilerThread0" daemon [_thread_in_native, id=20316, stack(0x00000047ac000000,0x00000047ac100000)]
  0x000001dedb39b800 JavaThread "C1 CompilerThread0" daemon [_thread_blocked, id=14756, stack(0x00000047ac100000,0x00000047ac200000)]
  0x000001dedb39d000 JavaThread "Sweeper thread" daemon [_thread_blocked, id=21068, stack(0x00000047ac200000,0x00000047ac300000)]
  0x000001dedb502800 JavaThread "Common-Cleaner" daemon [_thread_blocked, id=22748, stack(0x00000047ac300000,0x00000047ac400000)]
  0x000001dedda90000 JavaThread "Daemon health stats" [_thread_blocked, id=5512, stack(0x00000047acc00000,0x00000047acd00000)]
  0x000001dedd3c8800 JavaThread "Incoming local TCP Connector on port 52956" [_thread_in_native, id=24460, stack(0x00000047ac500000,0x00000047ac600000)]
  0x000001dede034800 JavaThread "Daemon periodic checks" [_thread_blocked, id=15480, stack(0x00000047acb00000,0x00000047acc00000)]
  0x000001dede035800 JavaThread "Daemon" [_thread_blocked, id=6712, stack(0x00000047acd00000,0x00000047ace00000)]
  0x000001dedcc47800 JavaThread "Handler for socket connection from /127.0.0.1:52956 to /127.0.0.1:52957" [_thread_in_native, id=10268, stack(0x00000047ace00000,0x00000047acf00000)]
  0x000001dedcc48000 JavaThread "Cancel handler" [_thread_blocked, id=20256, stack(0x00000047acf00000,0x00000047ad000000)]
  0x000001dedd362800 JavaThread "Daemon worker" [_thread_blocked, id=9104, stack(0x00000047ad000000,0x00000047ad100000)]
  0x000001dedd363000 JavaThread "Asynchronous log dispatcher for DefaultDaemonConnection: socket connection from /127.0.0.1:52956 to /127.0.0.1:52957" [_thread_blocked, id=21568, stack(0x00000047ad100000,0x00000047ad200000)]
  0x000001dedd97d800 JavaThread "Stdin handler" [_thread_blocked, id=7152, stack(0x00000047ad200000,0x00000047ad300000)]
  0x000001dede705800 JavaThread "Daemon client event forwarder" [_thread_blocked, id=11504, stack(0x00000047ad300000,0x00000047ad400000)]
  0x000001dede706800 JavaThread "Cache worker for journal cache (C:\Users\DmitrySergienko\.gradle\caches\journal-1)" [_thread_blocked, id=27520, stack(0x00000047ad400000,0x00000047ad500000)]
  0x000001dede705000 JavaThread "File lock request listener" [_thread_in_native, id=6224, stack(0x00000047ad500000,0x00000047ad600000)]
  0x000001dede704000 JavaThread "Cache worker for file hash cache (C:\Users\DmitrySergienko\.gradle\caches\7.5.1\fileHashes)" [_thread_blocked, id=23600, stack(0x00000047ad800000,0x00000047ad900000)]
  0x000001dedd5d5000 JavaThread "File watcher server" daemon [_thread_in_native, id=20448, stack(0x00000047adb00000,0x00000047adc00000)]
  0x000001dedd5d6000 JavaThread "File watcher consumer" daemon [_thread_blocked, id=10352, stack(0x00000047adc00000,0x00000047add00000)]
  0x000001dedd5d7800 JavaThread "Cache worker for checksums cache (C:\Users\DmitrySergienko\ToDoApp\android\.gradle\7.5.1\checksums)" [_thread_blocked, id=25252, stack(0x00000047add00000,0x00000047ade00000)]
  0x000001dedd5d8800 JavaThread "Cache worker for cache directory md-rule (C:\Users\DmitrySergienko\.gradle\caches\7.5.1\md-rule)" [_thread_blocked, id=25424, stack(0x00000047ade00000,0x00000047adf00000)]
  0x000001dedd5da800 JavaThread "Cache worker for file content cache (C:\Users\DmitrySergienko\.gradle\caches\7.5.1\fileContent)" [_thread_blocked, id=7592, stack(0x00000047adf00000,0x00000047ae000000)]
  0x000001dedd5d9000 JavaThread "Cache worker for file hash cache (C:\Users\DmitrySergienko\ToDoApp\android\.gradle\7.5.1\fileHashes)" [_thread_blocked, id=6048, stack(0x00000047ae100000,0x00000047ae200000)]
  0x000001dedd5da000 JavaThread "Cache worker for cache directory md-supplier (C:\Users\DmitrySergienko\.gradle\caches\7.5.1\md-supplier)" [_thread_blocked, id=6800, stack(0x00000047ae200000,0x00000047ae300000)]
  0x000001dedd5db800 JavaThread "Cache worker for execution history cache (C:\Users\DmitrySergienko\.gradle\caches\7.5.1\executionHistory)" [_thread_blocked, id=19876, stack(0x00000047ae300000,0x00000047ae400000)]
  0x000001dedd5d6800 JavaThread "jar transforms" [_thread_blocked, id=7468, stack(0x00000047ae400000,0x00000047ae500000)]
  0x000001dedd5e3000 JavaThread "jar transforms Thread 2" [_thread_blocked, id=2252, stack(0x00000047ae500000,0x00000047ae600000)]
  0x000001dedd5e1000 JavaThread "jar transforms Thread 3" [_thread_blocked, id=5068, stack(0x00000047ae600000,0x00000047ae700000)]
  0x000001dedd5e0800 JavaThread "jar transforms Thread 4" [_thread_blocked, id=9008, stack(0x00000047ae700000,0x00000047ae800000)]
  0x000001dedd5dd000 JavaThread "Cache worker for kotlin-dsl (C:\Users\DmitrySergienko\.gradle\caches\7.5.1\kotlin-dsl)" [_thread_blocked, id=8104, stack(0x00000047ae800000,0x00000047ae900000)]
  0x000001dedd5df000 JavaThread "jar transforms Thread 5" [_thread_blocked, id=15860, stack(0x00000047ae900000,0x00000047aea00000)]
  0x000001dedd5e3800 JavaThread "jar transforms Thread 6" [_thread_blocked, id=25852, stack(0x00000047aea00000,0x00000047aeb00000)]
  0x000001dedd5de000 JavaThread "Cache worker for dependencies-accessors (C:\Users\DmitrySergienko\ToDoApp\android\.gradle\7.5.1\dependencies-accessors)" [_thread_blocked, id=8960, stack(0x00000047aeb00000,0x00000047aec00000)]
  0x000001dee0e64000 JavaThread "Cache worker for Build Output Cleanup Cache (C:\Users\DmitrySergienko\ToDoApp\node_modules\react-native-gradle-plugin\.gradle\buildOutputCleanup)" [_thread_blocked, id=26160, stack(0x00000047aec00000,0x00000047aed00000)]
  0x000001dee0e66800 JavaThread "jar transforms Thread 7" [_thread_blocked, id=2820, stack(0x00000047aed00000,0x00000047aee00000)]
  0x000001dee0e63800 JavaThread "Unconstrained build operations" [_thread_blocked, id=11396, stack(0x00000047aee00000,0x00000047aef00000)]
  0x000001dee0e68000 JavaThread "Unconstrained build operations Thread 2" [_thread_blocked, id=22948, stack(0x00000047aef00000,0x00000047af000000)]
  0x000001dee0e67800 JavaThread "Unconstrained build operations Thread 3" [_thread_blocked, id=17052, stack(0x00000047af000000,0x00000047af100000)]
  0x000001dee0e69000 JavaThread "Unconstrained build operations Thread 4" [_thread_blocked, id=19048, stack(0x00000047af100000,0x00000047af200000)]
  0x000001dee0e6a000 JavaThread "Unconstrained build operations Thread 5" [_thread_blocked, id=15744, stack(0x00000047af200000,0x00000047af300000)]
  0x000001dee0e65000 JavaThread "Unconstrained build operations Thread 6" [_thread_blocked, id=18836, stack(0x00000047af300000,0x00000047af400000)]
  0x000001dee0e66000 JavaThread "Unconstrained build operations Thread 7" [_thread_blocked, id=10988, stack(0x00000047af400000,0x00000047af500000)]
  0x000001dedd884800 JavaThread "Unconstrained build operations Thread 8" [_thread_blocked, id=23876, stack(0x00000047af500000,0x00000047af600000)]
  0x000001dedd881000 JavaThread "Unconstrained build operations Thread 9" [_thread_blocked, id=12264, stack(0x00000047af600000,0x00000047af700000)]
  0x000001dedd886000 JavaThread "Unconstrained build operations Thread 10" [_thread_blocked, id=18832, stack(0x00000047af700000,0x00000047af800000)]
  0x000001dedd887000 JavaThread "Unconstrained build operations Thread 11" [_thread_blocked, id=2880, stack(0x00000047af800000,0x00000047af900000)]
  0x000001dedd882000 JavaThread "Unconstrained build operations Thread 12" [_thread_blocked, id=22308, stack(0x00000047af900000,0x00000047afa00000)]
  0x000001dedd888800 JavaThread "Unconstrained build operations Thread 13" [_thread_blocked, id=9424, stack(0x00000047afa00000,0x00000047afb00000)]
  0x000001dedd885000 JavaThread "Unconstrained build operations Thread 14" [_thread_blocked, id=9680, stack(0x00000047afb00000,0x00000047afc00000)]
  0x000001dedd887800 JavaThread "Unconstrained build operations Thread 15" [_thread_blocked, id=8136, stack(0x00000047afc00000,0x00000047afd00000)]
  0x000001dedd883800 JavaThread "Unconstrained build operations Thread 16" [_thread_blocked, id=6528, stack(0x00000047afd00000,0x00000047afe00000)]
  0x000001dedd883000 JavaThread "Unconstrained build operations Thread 17" [_thread_blocked, id=19828, stack(0x00000047afe00000,0x00000047aff00000)]
  0x000001dedd88f000 JavaThread "Unconstrained build operations Thread 18" [_thread_blocked, id=8696, stack(0x00000047aff00000,0x00000047b0000000)]
  0x000001dedd889800 JavaThread "Unconstrained build operations Thread 19" [_thread_blocked, id=21012, stack(0x00000047b0000000,0x00000047b0100000)]
  0x000001dedd88c800 JavaThread "Unconstrained build operations Thread 20" [_thread_blocked, id=24808, stack(0x00000047b0100000,0x00000047b0200000)]
  0x000001dedd88b000 JavaThread "Unconstrained build operations Thread 21" [_thread_blocked, id=19616, stack(0x00000047b0200000,0x00000047b0300000)]
  0x000001dedd88d800 JavaThread "Unconstrained build operations Thread 22" [_thread_blocked, id=7100, stack(0x00000047b0300000,0x00000047b0400000)]
  0x000001dedd88b800 JavaThread "Unconstrained build operations Thread 23" [_thread_blocked, id=4716, stack(0x00000047b0400000,0x00000047b0500000)]
  0x000001dedd890000 JavaThread "Unconstrained build operations Thread 24" [_thread_blocked, id=17288, stack(0x00000047b0500000,0x00000047b0600000)]
  0x000001dedd88e000 JavaThread "Unconstrained build operations Thread 25" [_thread_blocked, id=23384, stack(0x00000047b0600000,0x00000047b0700000)]
  0x000001dedd88a000 JavaThread "Unconstrained build operations Thread 26" [_thread_blocked, id=15532, stack(0x00000047b0700000,0x00000047b0800000)]
  0x000001dedcaff800 JavaThread "Unconstrained build operations Thread 27" [_thread_blocked, id=21344, stack(0x00000047b0800000,0x00000047b0900000)]
  0x000001dedcafd000 JavaThread "Unconstrained build operations Thread 28" [_thread_blocked, id=10652, stack(0x00000047b0900000,0x00000047b0a00000)]
  0x000001dedcb00800 JavaThread "Unconstrained build operations Thread 29" [_thread_blocked, id=27480, stack(0x00000047b0a00000,0x00000047b0b00000)]
  0x000001dedcb02000 JavaThread "Unconstrained build operations Thread 30" [_thread_blocked, id=1296, stack(0x00000047b0b00000,0x00000047b0c00000)]
  0x000001dedcafe000 JavaThread "Unconstrained build operations Thread 31" [_thread_blocked, id=10540, stack(0x00000047b0c00000,0x00000047b0d00000)]
  0x000001dedcb01000 JavaThread "Unconstrained build operations Thread 32" [_thread_blocked, id=6968, stack(0x00000047b0d00000,0x00000047b0e00000)]
  0x000001dedcafe800 JavaThread "Unconstrained build operations Thread 33" [_thread_blocked, id=15396, stack(0x00000047b0e00000,0x00000047b0f00000)]
  0x000001dedcafc000 JavaThread "jar transforms Thread 8" [_thread_blocked, id=15496, stack(0x00000047b0f00000,0x00000047b1000000)]
  0x000001dedcb06000 JavaThread "build event listener" [_thread_blocked, id=8528, stack(0x00000047b1000000,0x00000047b1100000)]
  0x000001dedcb08800 JavaThread "Memory manager" [_thread_blocked, id=27532, stack(0x00000047b1100000,0x00000047b1200000)]
  0x000001dedcb04800 JavaThread "Cache worker for Build Output Cleanup Cache (C:\Users\DmitrySergienko\ToDoApp\android\.gradle\buildOutputCleanup)" [_thread_blocked, id=7184, stack(0x00000047ae000000,0x00000047ae100000)]
  0x000001dedcb03000 JavaThread "included builds" [_thread_blocked, id=28608, stack(0x00000047b1300000,0x00000047b1400000)]
  0x000001dedcb07000 JavaThread "Execution worker" [_thread_in_native, id=17616, stack(0x00000047b1400000,0x00000047b1500000)]
  0x000001dedcb09800 JavaThread "Execution worker Thread 2" [_thread_blocked, id=10744, stack(0x00000047b1500000,0x00000047b1600000)]
  0x000001dedcb05000 JavaThread "Execution worker Thread 3" [_thread_blocked, id=27892, stack(0x00000047b1600000,0x00000047b1700000)]
  0x000001dedcb03800 JavaThread "Execution worker Thread 4" [_thread_blocked, id=11608, stack(0x00000047b1700000,0x00000047b1800000)]
  0x000001dedcb0a000 JavaThread "Execution worker Thread 5" [_thread_blocked, id=28632, stack(0x00000047b1800000,0x00000047b1900000)]
  0x000001dedcb0b000 JavaThread "Execution worker Thread 6" [_thread_blocked, id=18244, stack(0x00000047b1900000,0x00000047b1a00000)]
  0x000001deddd96000 JavaThread "Execution worker Thread 7" [_thread_blocked, id=18704, stack(0x00000047b1a00000,0x00000047b1b00000)]
  0x000001deddd95000 JavaThread "Cache worker for execution history cache (C:\Users\DmitrySergienko\ToDoApp\node_modules\react-native-gradle-plugin\.gradle\7.5.1\executionHistory)" [_thread_blocked, id=20984, stack(0x00000047b1b00000,0x00000047b1c00000)]
  0x000001deddd97800 JavaThread "Unconstrained build operations Thread 34" [_thread_blocked, id=9556, stack(0x00000047b1c00000,0x00000047b1d00000)]
  0x000001deddd99800 JavaThread "Unconstrained build operations Thread 35" [_thread_blocked, id=9896, stack(0x00000047b1d00000,0x00000047b1e00000)]
  0x000001deddd98800 JavaThread "Unconstrained build operations Thread 36" [_thread_blocked, id=13952, stack(0x00000047b1e00000,0x00000047b1f00000)]
  0x000001deddd93800 JavaThread "Unconstrained build operations Thread 37" [_thread_blocked, id=8508, stack(0x00000047b1f00000,0x00000047b2000000)]
  0x000001deddd97000 JavaThread "Unconstrained build operations Thread 38" [_thread_blocked, id=16672, stack(0x00000047b2000000,0x00000047b2100000)]
  0x000001deddd9a000 JavaThread "Unconstrained build operations Thread 39" [_thread_blocked, id=20036, stack(0x00000047b2100000,0x00000047b2200000)]
  0x000001deddd94800 JavaThread "Unconstrained build operations Thread 40" [_thread_blocked, id=25284, stack(0x00000047b2200000,0x00000047b2300000)]
  0x000001deddd9c800 JavaThread "Unconstrained build operations Thread 41" [_thread_blocked, id=21712, stack(0x00000047b2300000,0x00000047b2400000)]
  0x000001deddd9b000 JavaThread "Unconstrained build operations Thread 42" [_thread_blocked, id=27984, stack(0x00000047b2400000,0x00000047b2500000)]
  0x000001deddd9e000 JavaThread "Unconstrained build operations Thread 43" [_thread_blocked, id=24624, stack(0x00000047b2500000,0x00000047b2600000)]
  0x000001deddd9c000 JavaThread "Unconstrained build operations Thread 44" [_thread_blocked, id=13372, stack(0x00000047b2600000,0x00000047b2700000)]
  0x000001deddda0800 JavaThread "Unconstrained build operations Thread 45" [_thread_blocked, id=11496, stack(0x00000047b2700000,0x00000047b2800000)]
  0x000001deddd9d800 JavaThread "Unconstrained build operations Thread 46" [_thread_blocked, id=2900, stack(0x00000047b2800000,0x00000047b2900000)]
  0x000001deddd9f000 JavaThread "Unconstrained build operations Thread 47" [_thread_blocked, id=4128, stack(0x00000047b2900000,0x00000047b2a00000)]
  0x000001deddda0000 JavaThread "Unconstrained build operations Thread 48" [_thread_blocked, id=22448, stack(0x00000047b2a00000,0x00000047b2b00000)]
  0x000001deddda1800 JavaThread "Unconstrained build operations Thread 49" [_thread_blocked, id=20772, stack(0x00000047b2b00000,0x00000047b2c00000)]
  0x000001deddda2800 JavaThread "Unconstrained build operations Thread 50" [_thread_blocked, id=20040, stack(0x00000047b2c00000,0x00000047b2d00000)]
  0x000001dedde70000 JavaThread "Unconstrained build operations Thread 51" [_thread_blocked, id=27192, stack(0x00000047b2d00000,0x00000047b2e00000)]
  0x000001dedde73800 JavaThread "Unconstrained build operations Thread 52" [_thread_blocked, id=28600, stack(0x00000047b2e00000,0x00000047b2f00000)]
  0x000001dedde71800 JavaThread "Unconstrained build operations Thread 53" [_thread_blocked, id=20840, stack(0x00000047b2f00000,0x00000047b3000000)]
  0x000001dedde72800 JavaThread "Unconstrained build operations Thread 54" [_thread_blocked, id=14288, stack(0x00000047b3000000,0x00000047b3100000)]
  0x000001dedde76000 JavaThread "Unconstrained build operations Thread 55" [_thread_blocked, id=25388, stack(0x00000047b3100000,0x00000047b3200000)]
  0x000001dedde74000 JavaThread "RMI Scheduler(0)" daemon [_thread_blocked, id=1228, stack(0x00000047ada00000,0x00000047adb00000)]
  0x000001dedde75000 JavaThread "RMI RenewClean-[127.0.0.1:17220,org.jetbrains.kotlin.daemon.common.LoopbackNetworkInterface$ClientLoopbackSocketFactory@3e23f485]" daemon [_thread_blocked, id=24180, stack(0x00000047b1200000,0x00000047b1300000)]
  0x000001dedde76800 JavaThread "RMI GC Daemon" daemon [_thread_blocked, id=5816, stack(0x00000047b3200000,0x00000047b3300000)]
  0x000001dedde71000 JavaThread "RMI TCP Accept-0" daemon [_thread_in_native, id=4460, stack(0x00000047b3400000,0x00000047b3500000)]
  0x000001dedde7a800 JavaThread "RMI Reaper" [_thread_blocked, id=1668, stack(0x00000047b3500000,0x00000047b3600000)]
  0x000001dedde7d000 JavaThread "RMI TCP Connection(idle)" daemon [_thread_blocked, id=20384, stack(0x00000047b3600000,0x00000047b3700000)]

Other Threads:
  0x000001dedaafc800 VMThread "VM Thread" [stack: 0x00000047aba00000,0x00000047abb00000] [id=12752]
  0x000001dedb555800 WatcherThread [stack: 0x00000047ac400000,0x00000047ac500000] [id=15060]
  0x000001debaaf6800 GCTaskThread "GC Thread#0" [stack: 0x00000047ab500000,0x00000047ab600000] [id=24144]
  0x000001dedc4a3800 GCTaskThread "GC Thread#1" [stack: 0x00000047ac600000,0x00000047ac700000] [id=4972]
  0x000001dedc560800 GCTaskThread "GC Thread#2" [stack: 0x00000047ac700000,0x00000047ac800000] [id=12100]
  0x000001dedc522800 GCTaskThread "GC Thread#3" [stack: 0x00000047ac800000,0x00000047ac900000] [id=16468]
  0x000001dedc00d800 GCTaskThread "GC Thread#4" [stack: 0x00000047ac900000,0x00000047aca00000] [id=3264]
  0x000001dedc3c7800 GCTaskThread "GC Thread#5" [stack: 0x00000047aca00000,0x00000047acb00000] [id=1008]
  0x000001dedc755000 GCTaskThread "GC Thread#6" [stack: 0x00000047ad600000,0x00000047ad700000] [id=18300]
  0x000001dedcba5000 GCTaskThread "GC Thread#7" [stack: 0x00000047ad700000,0x00000047ad800000] [id=2328]
  0x000001debab27800 ConcurrentGCThread "G1 Main Marker" [stack: 0x00000047ab600000,0x00000047ab700000] [id=11980]
  0x000001debab28800 ConcurrentGCThread "G1 Conc#0" [stack: 0x00000047ab700000,0x00000047ab800000] [id=24536]
  0x000001dedd672800 ConcurrentGCThread "G1 Conc#1" [stack: 0x00000047ad900000,0x00000047ada00000] [id=21660]
  0x000001deda98a800 ConcurrentGCThread "G1 Refine#0" [stack: 0x00000047ab800000,0x00000047ab900000] [id=23668]
  0x000001deda98b000 ConcurrentGCThread "G1 Young RemSet Sampling" [stack: 0x00000047ab900000,0x00000047aba00000] [id=1336]

Threads with active compile tasks:
C2 CompilerThread0  27067 7827       4       sun.nio.cs.UTF_8$Decoder::decodeArrayLoop (691 bytes)

VM state:not at safepoint (normal execution)

VM Mutex/Monitor currently owned by a thread: None

Heap address: 0x0000000080000000, size: 2048 MB, Compressed Oops mode: 32-bit
Narrow klass base: 0x0000000000000000, Narrow klass shift: 3
Compressed class space size: 528482304 Address: 0x0000000100000000

Heap:
 garbage-first heap   total 262144K, used 99669K [0x0000000080000000, 0x0000000100000000)
  region size 1024K, 67 young (68608K), 16 survivors (16384K)
 Metaspace       used 71587K, capacity 73913K, committed 74148K, reserved 581632K
  class space    used 9599K, capacity 10541K, committed 10588K, reserved 516096K
Heap Regions: E=young(eden), S=young(survivor), O=old, HS=humongous(starts), HC=humongous(continues), CS=collection set, F=free, A=archive, TAMS=top-at-mark-start (previous, next)
|   0|0x0000000080000000, 0x0000000080100000, 0x0000000080100000|100%| O|  |TAMS 0x0000000080100000, 0x0000000080000000| Untracked 
|   1|0x0000000080100000, 0x0000000080200000, 0x0000000080200000|100%| O|  |TAMS 0x0000000080200000, 0x0000000080100000| Untracked 
|   2|0x0000000080200000, 0x0000000080300000, 0x0000000080300000|100%| O|  |TAMS 0x0000000080300000, 0x0000000080200000| Untracked 
|   3|0x0000000080300000, 0x0000000080400000, 0x0000000080400000|100%|HS|  |TAMS 0x0000000080400000, 0x0000000080300000| Complete 
|   4|0x0000000080400000, 0x0000000080500000, 0x0000000080500000|100%|HC|  |TAMS 0x0000000080500000, 0x0000000080400000| Complete 
|   5|0x0000000080500000, 0x0000000080600000, 0x0000000080600000|100%|HC|  |TAMS 0x0000000080600000, 0x0000000080500000| Complete 
|   6|0x0000000080600000, 0x0000000080700000, 0x0000000080700000|100%| O|  |TAMS 0x0000000080700000, 0x0000000080600000| Untracked 
|   7|0x0000000080700000, 0x0000000080800000, 0x0000000080800000|100%| O|  |TAMS 0x0000000080800000, 0x0000000080700000| Untracked 
|   8|0x0000000080800000, 0x0000000080900000, 0x0000000080900000|100%| O|  |TAMS 0x0000000080900000, 0x0000000080800000| Untracked 
|   9|0x0000000080900000, 0x0000000080a00000, 0x0000000080a00000|100%| O|  |TAMS 0x0000000080a00000, 0x0000000080900000| Untracked 
|  10|0x0000000080a00000, 0x0000000080b00000, 0x0000000080b00000|100%| O|  |TAMS 0x0000000080b00000, 0x0000000080a00000| Untracked 
|  11|0x0000000080b00000, 0x0000000080c00000, 0x0000000080c00000|100%| O|  |TAMS 0x0000000080c00000, 0x0000000080b00000| Untracked 
|  12|0x0000000080c00000, 0x0000000080d00000, 0x0000000080d00000|100%| O|  |TAMS 0x0000000080d00000, 0x0000000080c00000| Untracked 
|  13|0x0000000080d00000, 0x0000000080e00000, 0x0000000080e00000|100%| O|  |TAMS 0x0000000080e00000, 0x0000000080d00000| Untracked 
|  14|0x0000000080e00000, 0x0000000080f00000, 0x0000000080f00000|100%| O|  |TAMS 0x0000000080f00000, 0x0000000080e00000| Untracked 
|  15|0x0000000080f00000, 0x0000000081000000, 0x0000000081000000|100%| O|  |TAMS 0x0000000081000000, 0x0000000080f00000| Untracked 
|  16|0x0000000081000000, 0x0000000081100000, 0x0000000081100000|100%| O|  |TAMS 0x0000000081100000, 0x0000000081000000| Untracked 
|  17|0x0000000081100000, 0x0000000081200000, 0x0000000081200000|100%|HS|  |TAMS 0x0000000081200000, 0x0000000081100000| Complete 
|  18|0x0000000081200000, 0x0000000081300000, 0x0000000081300000|100%|HS|  |TAMS 0x0000000081300000, 0x0000000081200000| Complete 
|  19|0x0000000081300000, 0x0000000081400000, 0x0000000081400000|100%|HC|  |TAMS 0x0000000081400000, 0x0000000081300000| Complete 
|  20|0x0000000081400000, 0x0000000081500000, 0x0000000081500000|100%|HC|  |TAMS 0x0000000081500000, 0x0000000081400000| Complete 
|  21|0x0000000081500000, 0x0000000081600000, 0x0000000081600000|100%| O|  |TAMS 0x0000000081600000, 0x0000000081500000| Untracked 
|  22|0x0000000081600000, 0x0000000081700000, 0x0000000081700000|100%| O|  |TAMS 0x0000000081700000, 0x0000000081600000| Untracked 
|  23|0x0000000081700000, 0x0000000081800000, 0x0000000081800000|100%| O|  |TAMS 0x0000000081800000, 0x0000000081700000| Untracked 
|  24|0x0000000081800000, 0x0000000081900000, 0x0000000081900000|100%| O|  |TAMS 0x0000000081900000, 0x0000000081800000| Untracked 
|  25|0x0000000081900000, 0x0000000081a00000, 0x0000000081a00000|100%| O|  |TAMS 0x0000000081a00000, 0x0000000081900000| Untracked 
|  26|0x0000000081a00000, 0x0000000081b00000, 0x0000000081b00000|100%| O|  |TAMS 0x0000000081b00000, 0x0000000081a00000| Untracked 
|  27|0x0000000081b00000, 0x0000000081c00000, 0x0000000081c00000|100%| O|  |TAMS 0x0000000081c00000, 0x0000000081b00000| Untracked 
|  28|0x0000000081c00000, 0x0000000081d00000, 0x0000000081d00000|100%| O|  |TAMS 0x0000000081d00000, 0x0000000081c00000| Untracked 
|  29|0x0000000081d00000, 0x0000000081e00000, 0x0000000081e00000|100%| O|  |TAMS 0x0000000081e00000, 0x0000000081d00000| Untracked 
|  30|0x0000000081e00000, 0x0000000081f00000, 0x0000000081f00000|100%| O|  |TAMS 0x0000000081f00000, 0x0000000081e00000| Untracked 
|  31|0x0000000081f00000, 0x0000000082000000, 0x0000000082000000|100%| O|  |TAMS 0x0000000082000000, 0x0000000081f00000| Untracked 
|  32|0x0000000082000000, 0x0000000082100000, 0x0000000082100000|100%| O|  |TAMS 0x0000000082100000, 0x0000000082000000| Untracked 
|  33|0x0000000082100000, 0x000000008211a400, 0x0000000082200000| 10%| O|  |TAMS 0x000000008211a400, 0x0000000082100000| Untracked 
|  34|0x0000000082200000, 0x0000000082200000, 0x0000000082300000|  0%| F|  |TAMS 0x0000000082200000, 0x0000000082200000| Untracked 
|  35|0x0000000082300000, 0x0000000082300000, 0x0000000082400000|  0%| F|  |TAMS 0x0000000082300000, 0x0000000082300000| Untracked 
|  36|0x0000000082400000, 0x0000000082400000, 0x0000000082500000|  0%| F|  |TAMS 0x0000000082400000, 0x0000000082400000| Untracked 
|  37|0x0000000082500000, 0x0000000082500000, 0x0000000082600000|  0%| F|  |TAMS 0x0000000082500000, 0x0000000082500000| Untracked 
|  38|0x0000000082600000, 0x0000000082600000, 0x0000000082700000|  0%| F|  |TAMS 0x0000000082600000, 0x0000000082600000| Untracked 
|  39|0x0000000082700000, 0x0000000082700000, 0x0000000082800000|  0%| F|  |TAMS 0x0000000082700000, 0x0000000082700000| Untracked 
|  40|0x0000000082800000, 0x0000000082800000, 0x0000000082900000|  0%| F|  |TAMS 0x0000000082800000, 0x0000000082800000| Untracked 
|  41|0x0000000082900000, 0x0000000082900000, 0x0000000082a00000|  0%| F|  |TAMS 0x0000000082900000, 0x0000000082900000| Untracked 
|  42|0x0000000082a00000, 0x0000000082a00000, 0x0000000082b00000|  0%| F|  |TAMS 0x0000000082a00000, 0x0000000082a00000| Untracked 
|  43|0x0000000082b00000, 0x0000000082b00000, 0x0000000082c00000|  0%| F|  |TAMS 0x0000000082b00000, 0x0000000082b00000| Untracked 
|  44|0x0000000082c00000, 0x0000000082c00000, 0x0000000082d00000|  0%| F|  |TAMS 0x0000000082c00000, 0x0000000082c00000| Untracked 
|  45|0x0000000082d00000, 0x0000000082d00000, 0x0000000082e00000|  0%| F|  |TAMS 0x0000000082d00000, 0x0000000082d00000| Untracked 
|  46|0x0000000082e00000, 0x0000000082e00000, 0x0000000082f00000|  0%| F|  |TAMS 0x0000000082e00000, 0x0000000082e00000| Untracked 
|  47|0x0000000082f00000, 0x0000000082f00000, 0x0000000083000000|  0%| F|  |TAMS 0x0000000082f00000, 0x0000000082f00000| Untracked 
|  48|0x0000000083000000, 0x0000000083000000, 0x0000000083100000|  0%| F|  |TAMS 0x0000000083000000, 0x0000000083000000| Untracked 
|  49|0x0000000083100000, 0x0000000083100000, 0x0000000083200000|  0%| F|  |TAMS 0x0000000083100000, 0x0000000083100000| Untracked 
|  50|0x0000000083200000, 0x0000000083200000, 0x0000000083300000|  0%| F|  |TAMS 0x0000000083200000, 0x0000000083200000| Untracked 
|  51|0x0000000083300000, 0x0000000083300000, 0x0000000083400000|  0%| F|  |TAMS 0x0000000083300000, 0x0000000083300000| Untracked 
|  52|0x0000000083400000, 0x0000000083400000, 0x0000000083500000|  0%| F|  |TAMS 0x0000000083400000, 0x0000000083400000| Untracked 
|  53|0x0000000083500000, 0x0000000083500000, 0x0000000083600000|  0%| F|  |TAMS 0x0000000083500000, 0x0000000083500000| Untracked 
|  54|0x0000000083600000, 0x0000000083600000, 0x0000000083700000|  0%| F|  |TAMS 0x0000000083600000, 0x0000000083600000| Untracked 
|  55|0x0000000083700000, 0x0000000083700000, 0x0000000083800000|  0%| F|  |TAMS 0x0000000083700000, 0x0000000083700000| Untracked 
|  56|0x0000000083800000, 0x0000000083800000, 0x0000000083900000|  0%| F|  |TAMS 0x0000000083800000, 0x0000000083800000| Untracked 
|  57|0x0000000083900000, 0x0000000083900000, 0x0000000083a00000|  0%| F|  |TAMS 0x0000000083900000, 0x0000000083900000| Untracked 
|  58|0x0000000083a00000, 0x0000000083a00000, 0x0000000083b00000|  0%| F|  |TAMS 0x0000000083a00000, 0x0000000083a00000| Untracked 
|  59|0x0000000083b00000, 0x0000000083b00000, 0x0000000083c00000|  0%| F|  |TAMS 0x0000000083b00000, 0x0000000083b00000| Untracked 
|  60|0x0000000083c00000, 0x0000000083c00000, 0x0000000083d00000|  0%| F|  |TAMS 0x0000000083c00000, 0x0000000083c00000| Untracked 
|  61|0x0000000083d00000, 0x0000000083d00000, 0x0000000083e00000|  0%| F|  |TAMS 0x0000000083d00000, 0x0000000083d00000| Untracked 
|  62|0x0000000083e00000, 0x0000000083e00000, 0x0000000083f00000|  0%| F|  |TAMS 0x0000000083e00000, 0x0000000083e00000| Untracked 
|  63|0x0000000083f00000, 0x0000000083f00000, 0x0000000084000000|  0%| F|  |TAMS 0x0000000083f00000, 0x0000000083f00000| Untracked 
|  64|0x0000000084000000, 0x0000000084000000, 0x0000000084100000|  0%| F|  |TAMS 0x0000000084000000, 0x0000000084000000| Untracked 
|  65|0x0000000084100000, 0x0000000084100000, 0x0000000084200000|  0%| F|  |TAMS 0x0000000084100000, 0x0000000084100000| Untracked 
|  66|0x0000000084200000, 0x0000000084200000, 0x0000000084300000|  0%| F|  |TAMS 0x0000000084200000, 0x0000000084200000| Untracked 
|  67|0x0000000084300000, 0x0000000084300000, 0x0000000084400000|  0%| F|  |TAMS 0x0000000084300000, 0x0000000084300000| Untracked 
|  68|0x0000000084400000, 0x0000000084400000, 0x0000000084500000|  0%| F|  |TAMS 0x0000000084400000, 0x0000000084400000| Untracked 
|  69|0x0000000084500000, 0x0000000084500000, 0x0000000084600000|  0%| F|  |TAMS 0x0000000084500000, 0x0000000084500000| Untracked 
|  70|0x0000000084600000, 0x0000000084600000, 0x0000000084700000|  0%| F|  |TAMS 0x0000000084600000, 0x0000000084600000| Untracked 
|  71|0x0000000084700000, 0x0000000084700000, 0x0000000084800000|  0%| F|  |TAMS 0x0000000084700000, 0x0000000084700000| Untracked 
|  72|0x0000000084800000, 0x0000000084800000, 0x0000000084900000|  0%| F|  |TAMS 0x0000000084800000, 0x0000000084800000| Untracked 
|  73|0x0000000084900000, 0x0000000084900000, 0x0000000084a00000|  0%| F|  |TAMS 0x0000000084900000, 0x0000000084900000| Untracked 
|  74|0x0000000084a00000, 0x0000000084a00000, 0x0000000084b00000|  0%| F|  |TAMS 0x0000000084a00000, 0x0000000084a00000| Untracked 
|  75|0x0000000084b00000, 0x0000000084b00000, 0x0000000084c00000|  0%| F|  |TAMS 0x0000000084b00000, 0x0000000084b00000| Untracked 
|  76|0x0000000084c00000, 0x0000000084c00000, 0x0000000084d00000|  0%| F|  |TAMS 0x0000000084c00000, 0x0000000084c00000| Untracked 
|  77|0x0000000084d00000, 0x0000000084d00000, 0x0000000084e00000|  0%| F|  |TAMS 0x0000000084d00000, 0x0000000084d00000| Untracked 
|  78|0x0000000084e00000, 0x0000000084e00000, 0x0000000084f00000|  0%| F|  |TAMS 0x0000000084e00000, 0x0000000084e00000| Untracked 
|  79|0x0000000084f00000, 0x0000000084f00000, 0x0000000085000000|  0%| F|  |TAMS 0x0000000084f00000, 0x0000000084f00000| Untracked 
|  80|0x0000000085000000, 0x0000000085000000, 0x0000000085100000|  0%| F|  |TAMS 0x0000000085000000, 0x0000000085000000| Untracked 
|  81|0x0000000085100000, 0x0000000085100000, 0x0000000085200000|  0%| F|  |TAMS 0x0000000085100000, 0x0000000085100000| Untracked 
|  82|0x0000000085200000, 0x0000000085200000, 0x0000000085300000|  0%| F|  |TAMS 0x0000000085200000, 0x0000000085200000| Untracked 
|  83|0x0000000085300000, 0x0000000085300000, 0x0000000085400000|  0%| F|  |TAMS 0x0000000085300000, 0x0000000085300000| Untracked 
|  84|0x0000000085400000, 0x0000000085400000, 0x0000000085500000|  0%| F|  |TAMS 0x0000000085400000, 0x0000000085400000| Untracked 
|  85|0x0000000085500000, 0x0000000085500000, 0x0000000085600000|  0%| F|  |TAMS 0x0000000085500000, 0x0000000085500000| Untracked 
|  86|0x0000000085600000, 0x0000000085600000, 0x0000000085700000|  0%| F|  |TAMS 0x0000000085600000, 0x0000000085600000| Untracked 
|  87|0x0000000085700000, 0x0000000085700000, 0x0000000085800000|  0%| F|  |TAMS 0x0000000085700000, 0x0000000085700000| Untracked 
|  88|0x0000000085800000, 0x0000000085800000, 0x0000000085900000|  0%| F|  |TAMS 0x0000000085800000, 0x0000000085800000| Untracked 
|  89|0x0000000085900000, 0x0000000085900000, 0x0000000085a00000|  0%| F|  |TAMS 0x0000000085900000, 0x0000000085900000| Untracked 
|  90|0x0000000085a00000, 0x0000000085a00000, 0x0000000085b00000|  0%| F|  |TAMS 0x0000000085a00000, 0x0000000085a00000| Untracked 
|  91|0x0000000085b00000, 0x0000000085b00000, 0x0000000085c00000|  0%| F|  |TAMS 0x0000000085b00000, 0x0000000085b00000| Untracked 
|  92|0x0000000085c00000, 0x0000000085c00000, 0x0000000085d00000|  0%| F|  |TAMS 0x0000000085c00000, 0x0000000085c00000| Untracked 
|  93|0x0000000085d00000, 0x0000000085d00000, 0x0000000085e00000|  0%| F|  |TAMS 0x0000000085d00000, 0x0000000085d00000| Untracked 
|  94|0x0000000085e00000, 0x0000000085e00000, 0x0000000085f00000|  0%| F|  |TAMS 0x0000000085e00000, 0x0000000085e00000| Untracked 
|  95|0x0000000085f00000, 0x0000000085f00000, 0x0000000086000000|  0%| F|  |TAMS 0x0000000085f00000, 0x0000000085f00000| Untracked 
|  96|0x0000000086000000, 0x0000000086000000, 0x0000000086100000|  0%| F|  |TAMS 0x0000000086000000, 0x0000000086000000| Untracked 
|  97|0x0000000086100000, 0x0000000086100000, 0x0000000086200000|  0%| F|  |TAMS 0x0000000086100000, 0x0000000086100000| Untracked 
|  98|0x0000000086200000, 0x0000000086200000, 0x0000000086300000|  0%| F|  |TAMS 0x0000000086200000, 0x0000000086200000| Untracked 
|  99|0x0000000086300000, 0x0000000086300000, 0x0000000086400000|  0%| F|  |TAMS 0x0000000086300000, 0x0000000086300000| Untracked 
| 100|0x0000000086400000, 0x0000000086400000, 0x0000000086500000|  0%| F|  |TAMS 0x0000000086400000, 0x0000000086400000| Untracked 
| 101|0x0000000086500000, 0x0000000086500000, 0x0000000086600000|  0%| F|  |TAMS 0x0000000086500000, 0x0000000086500000| Untracked 
| 102|0x0000000086600000, 0x0000000086600000, 0x0000000086700000|  0%| F|  |TAMS 0x0000000086600000, 0x0000000086600000| Untracked 
| 103|0x0000000086700000, 0x000000008673b1b8, 0x0000000086800000| 23%| S|CS|TAMS 0x0000000086700000, 0x0000000086700000| Complete 
| 104|0x0000000086800000, 0x0000000086900000, 0x0000000086900000|100%| S|CS|TAMS 0x0000000086800000, 0x0000000086800000| Complete 
| 105|0x0000000086900000, 0x0000000086a00000, 0x0000000086a00000|100%| S|CS|TAMS 0x0000000086900000, 0x0000000086900000| Complete 
| 106|0x0000000086a00000, 0x0000000086b00000, 0x0000000086b00000|100%| S|CS|TAMS 0x0000000086a00000, 0x0000000086a00000| Complete 
| 107|0x0000000086b00000, 0x0000000086c00000, 0x0000000086c00000|100%| S|CS|TAMS 0x0000000086b00000, 0x0000000086b00000| Complete 
| 108|0x0000000086c00000, 0x0000000086d00000, 0x0000000086d00000|100%| S|CS|TAMS 0x0000000086c00000, 0x0000000086c00000| Complete 
| 109|0x0000000086d00000, 0x0000000086e00000, 0x0000000086e00000|100%| S|CS|TAMS 0x0000000086d00000, 0x0000000086d00000| Complete 
| 110|0x0000000086e00000, 0x0000000086f00000, 0x0000000086f00000|100%| S|CS|TAMS 0x0000000086e00000, 0x0000000086e00000| Complete 
| 111|0x0000000086f00000, 0x0000000087000000, 0x0000000087000000|100%| S|CS|TAMS 0x0000000086f00000, 0x0000000086f00000| Complete 
| 112|0x0000000087000000, 0x0000000087100000, 0x0000000087100000|100%| S|CS|TAMS 0x0000000087000000, 0x0000000087000000| Complete 
| 113|0x0000000087100000, 0x0000000087200000, 0x0000000087200000|100%| S|CS|TAMS 0x0000000087100000, 0x0000000087100000| Complete 
| 114|0x0000000087200000, 0x0000000087300000, 0x0000000087300000|100%| S|CS|TAMS 0x0000000087200000, 0x0000000087200000| Complete 
| 115|0x0000000087300000, 0x0000000087400000, 0x0000000087400000|100%| S|CS|TAMS 0x0000000087300000, 0x0000000087300000| Complete 
| 116|0x0000000087400000, 0x0000000087500000, 0x0000000087500000|100%| S|CS|TAMS 0x0000000087400000, 0x0000000087400000| Complete 
| 117|0x0000000087500000, 0x0000000087600000, 0x0000000087600000|100%| S|CS|TAMS 0x0000000087500000, 0x0000000087500000| Complete 
| 118|0x0000000087600000, 0x0000000087700000, 0x0000000087700000|100%| S|CS|TAMS 0x0000000087600000, 0x0000000087600000| Complete 
| 119|0x0000000087700000, 0x0000000087700000, 0x0000000087800000|  0%| F|  |TAMS 0x0000000087700000, 0x0000000087700000| Untracked 
| 120|0x0000000087800000, 0x0000000087800000, 0x0000000087900000|  0%| F|  |TAMS 0x0000000087800000, 0x0000000087800000| Untracked 
| 121|0x0000000087900000, 0x0000000087900000, 0x0000000087a00000|  0%| F|  |TAMS 0x0000000087900000, 0x0000000087900000| Untracked 
| 122|0x0000000087a00000, 0x0000000087a00000, 0x0000000087b00000|  0%| F|  |TAMS 0x0000000087a00000, 0x0000000087a00000| Untracked 
| 123|0x0000000087b00000, 0x0000000087b00000, 0x0000000087c00000|  0%| F|  |TAMS 0x0000000087b00000, 0x0000000087b00000| Untracked 
| 124|0x0000000087c00000, 0x0000000087c00000, 0x0000000087d00000|  0%| F|  |TAMS 0x0000000087c00000, 0x0000000087c00000| Untracked 
| 125|0x0000000087d00000, 0x0000000087d00000, 0x0000000087e00000|  0%| F|  |TAMS 0x0000000087d00000, 0x0000000087d00000| Untracked 
| 126|0x0000000087e00000, 0x0000000087e00000, 0x0000000087f00000|  0%| F|  |TAMS 0x0000000087e00000, 0x0000000087e00000| Untracked 
| 127|0x0000000087f00000, 0x0000000087f00000, 0x0000000088000000|  0%| F|  |TAMS 0x0000000087f00000, 0x0000000087f00000| Untracked 
| 128|0x0000000088000000, 0x0000000088000000, 0x0000000088100000|  0%| F|  |TAMS 0x0000000088000000, 0x0000000088000000| Untracked 
| 129|0x0000000088100000, 0x0000000088100000, 0x0000000088200000|  0%| F|  |TAMS 0x0000000088100000, 0x0000000088100000| Untracked 
| 130|0x0000000088200000, 0x0000000088200000, 0x0000000088300000|  0%| F|  |TAMS 0x0000000088200000, 0x0000000088200000| Untracked 
| 131|0x0000000088300000, 0x0000000088300000, 0x0000000088400000|  0%| F|  |TAMS 0x0000000088300000, 0x0000000088300000| Untracked 
| 132|0x0000000088400000, 0x0000000088400000, 0x0000000088500000|  0%| F|  |TAMS 0x0000000088400000, 0x0000000088400000| Untracked 
| 133|0x0000000088500000, 0x0000000088500000, 0x0000000088600000|  0%| F|  |TAMS 0x0000000088500000, 0x0000000088500000| Untracked 
| 134|0x0000000088600000, 0x0000000088600000, 0x0000000088700000|  0%| F|  |TAMS 0x0000000088600000, 0x0000000088600000| Untracked 
| 135|0x0000000088700000, 0x0000000088700000, 0x0000000088800000|  0%| F|  |TAMS 0x0000000088700000, 0x0000000088700000| Untracked 
| 136|0x0000000088800000, 0x0000000088800000, 0x0000000088900000|  0%| F|  |TAMS 0x0000000088800000, 0x0000000088800000| Untracked 
| 137|0x0000000088900000, 0x0000000088900000, 0x0000000088a00000|  0%| F|  |TAMS 0x0000000088900000, 0x0000000088900000| Untracked 
| 138|0x0000000088a00000, 0x0000000088a00000, 0x0000000088b00000|  0%| F|  |TAMS 0x0000000088a00000, 0x0000000088a00000| Untracked 
| 139|0x0000000088b00000, 0x0000000088b00000, 0x0000000088c00000|  0%| F|  |TAMS 0x0000000088b00000, 0x0000000088b00000| Untracked 
| 140|0x0000000088c00000, 0x0000000088c00000, 0x0000000088d00000|  0%| F|  |TAMS 0x0000000088c00000, 0x0000000088c00000| Untracked 
| 141|0x0000000088d00000, 0x0000000088d00000, 0x0000000088e00000|  0%| F|  |TAMS 0x0000000088d00000, 0x0000000088d00000| Untracked 
| 142|0x0000000088e00000, 0x0000000088e00000, 0x0000000088f00000|  0%| F|  |TAMS 0x0000000088e00000, 0x0000000088e00000| Untracked 
| 143|0x0000000088f00000, 0x0000000088f00000, 0x0000000089000000|  0%| F|  |TAMS 0x0000000088f00000, 0x0000000088f00000| Untracked 
| 144|0x0000000089000000, 0x0000000089000000, 0x0000000089100000|  0%| F|  |TAMS 0x0000000089000000, 0x0000000089000000| Untracked 
| 145|0x0000000089100000, 0x0000000089100000, 0x0000000089200000|  0%| F|  |TAMS 0x0000000089100000, 0x0000000089100000| Untracked 
| 146|0x0000000089200000, 0x0000000089200000, 0x0000000089300000|  0%| F|  |TAMS 0x0000000089200000, 0x0000000089200000| Untracked 
| 147|0x0000000089300000, 0x0000000089300000, 0x0000000089400000|  0%| F|  |TAMS 0x0000000089300000, 0x0000000089300000| Untracked 
| 148|0x0000000089400000, 0x0000000089400000, 0x0000000089500000|  0%| F|  |TAMS 0x0000000089400000, 0x0000000089400000| Untracked 
| 149|0x0000000089500000, 0x0000000089500000, 0x0000000089600000|  0%| F|  |TAMS 0x0000000089500000, 0x0000000089500000| Untracked 
| 150|0x0000000089600000, 0x0000000089600000, 0x0000000089700000|  0%| F|  |TAMS 0x0000000089600000, 0x0000000089600000| Untracked 
| 151|0x0000000089700000, 0x0000000089700000, 0x0000000089800000|  0%| F|  |TAMS 0x0000000089700000, 0x0000000089700000| Untracked 
| 152|0x0000000089800000, 0x0000000089800000, 0x0000000089900000|  0%| F|  |TAMS 0x0000000089800000, 0x0000000089800000| Untracked 
| 153|0x0000000089900000, 0x0000000089900000, 0x0000000089a00000|  0%| F|  |TAMS 0x0000000089900000, 0x0000000089900000| Untracked 
| 154|0x0000000089a00000, 0x0000000089a00000, 0x0000000089b00000|  0%| F|  |TAMS 0x0000000089a00000, 0x0000000089a00000| Untracked 
| 155|0x0000000089b00000, 0x0000000089b00000, 0x0000000089c00000|  0%| F|  |TAMS 0x0000000089b00000, 0x0000000089b00000| Untracked 
| 156|0x0000000089c00000, 0x0000000089c00000, 0x0000000089d00000|  0%| F|  |TAMS 0x0000000089c00000, 0x0000000089c00000| Untracked 
| 157|0x0000000089d00000, 0x0000000089d00000, 0x0000000089e00000|  0%| F|  |TAMS 0x0000000089d00000, 0x0000000089d00000| Untracked 
| 158|0x0000000089e00000, 0x0000000089e00000, 0x0000000089f00000|  0%| F|  |TAMS 0x0000000089e00000, 0x0000000089e00000| Untracked 
| 159|0x0000000089f00000, 0x0000000089f00000, 0x000000008a000000|  0%| F|  |TAMS 0x0000000089f00000, 0x0000000089f00000| Untracked 
| 160|0x000000008a000000, 0x000000008a000000, 0x000000008a100000|  0%| F|  |TAMS 0x000000008a000000, 0x000000008a000000| Untracked 
| 161|0x000000008a100000, 0x000000008a100000, 0x000000008a200000|  0%| F|  |TAMS 0x000000008a100000, 0x000000008a100000| Untracked 
| 162|0x000000008a200000, 0x000000008a200000, 0x000000008a300000|  0%| F|  |TAMS 0x000000008a200000, 0x000000008a200000| Untracked 
| 163|0x000000008a300000, 0x000000008a300000, 0x000000008a400000|  0%| F|  |TAMS 0x000000008a300000, 0x000000008a300000| Untracked 
| 164|0x000000008a400000, 0x000000008a400000, 0x000000008a500000|  0%| F|  |TAMS 0x000000008a400000, 0x000000008a400000| Untracked 
| 165|0x000000008a500000, 0x000000008a500000, 0x000000008a600000|  0%| F|  |TAMS 0x000000008a500000, 0x000000008a500000| Untracked 
| 166|0x000000008a600000, 0x000000008a600000, 0x000000008a700000|  0%| F|  |TAMS 0x000000008a600000, 0x000000008a600000| Untracked 
| 167|0x000000008a700000, 0x000000008a700000, 0x000000008a800000|  0%| F|  |TAMS 0x000000008a700000, 0x000000008a700000| Untracked 
| 168|0x000000008a800000, 0x000000008a800000, 0x000000008a900000|  0%| F|  |TAMS 0x000000008a800000, 0x000000008a800000| Untracked 
| 169|0x000000008a900000, 0x000000008a900000, 0x000000008aa00000|  0%| F|  |TAMS 0x000000008a900000, 0x000000008a900000| Untracked 
| 170|0x000000008aa00000, 0x000000008aa00000, 0x000000008ab00000|  0%| F|  |TAMS 0x000000008aa00000, 0x000000008aa00000| Untracked 
| 171|0x000000008ab00000, 0x000000008ab00000, 0x000000008ac00000|  0%| F|  |TAMS 0x000000008ab00000, 0x000000008ab00000| Untracked 
| 172|0x000000008ac00000, 0x000000008ac00000, 0x000000008ad00000|  0%| F|  |TAMS 0x000000008ac00000, 0x000000008ac00000| Untracked 
| 173|0x000000008ad00000, 0x000000008ad00000, 0x000000008ae00000|  0%| F|  |TAMS 0x000000008ad00000, 0x000000008ad00000| Untracked 
| 174|0x000000008ae00000, 0x000000008ae00000, 0x000000008af00000|  0%| F|  |TAMS 0x000000008ae00000, 0x000000008ae00000| Untracked 
| 175|0x000000008af00000, 0x000000008af00000, 0x000000008b000000|  0%| F|  |TAMS 0x000000008af00000, 0x000000008af00000| Untracked 
| 176|0x000000008b000000, 0x000000008b000000, 0x000000008b100000|  0%| F|  |TAMS 0x000000008b000000, 0x000000008b000000| Untracked 
| 177|0x000000008b100000, 0x000000008b100000, 0x000000008b200000|  0%| F|  |TAMS 0x000000008b100000, 0x000000008b100000| Untracked 
| 178|0x000000008b200000, 0x000000008b200000, 0x000000008b300000|  0%| F|  |TAMS 0x000000008b200000, 0x000000008b200000| Untracked 
| 179|0x000000008b300000, 0x000000008b300000, 0x000000008b400000|  0%| F|  |TAMS 0x000000008b300000, 0x000000008b300000| Untracked 
| 180|0x000000008b400000, 0x000000008b400000, 0x000000008b500000|  0%| F|  |TAMS 0x000000008b400000, 0x000000008b400000| Untracked 
| 181|0x000000008b500000, 0x000000008b500000, 0x000000008b600000|  0%| F|  |TAMS 0x000000008b500000, 0x000000008b500000| Untracked 
| 182|0x000000008b600000, 0x000000008b600000, 0x000000008b700000|  0%| F|  |TAMS 0x000000008b600000, 0x000000008b600000| Untracked 
| 183|0x000000008b700000, 0x000000008b700000, 0x000000008b800000|  0%| F|  |TAMS 0x000000008b700000, 0x000000008b700000| Untracked 
| 184|0x000000008b800000, 0x000000008b800000, 0x000000008b900000|  0%| F|  |TAMS 0x000000008b800000, 0x000000008b800000| Untracked 
| 185|0x000000008b900000, 0x000000008b900000, 0x000000008ba00000|  0%| F|  |TAMS 0x000000008b900000, 0x000000008b900000| Untracked 
| 186|0x000000008ba00000, 0x000000008ba00000, 0x000000008bb00000|  0%| F|  |TAMS 0x000000008ba00000, 0x000000008ba00000| Untracked 
| 187|0x000000008bb00000, 0x000000008bb00000, 0x000000008bc00000|  0%| F|  |TAMS 0x000000008bb00000, 0x000000008bb00000| Untracked 
| 188|0x000000008bc00000, 0x000000008bc00000, 0x000000008bd00000|  0%| F|  |TAMS 0x000000008bc00000, 0x000000008bc00000| Untracked 
| 189|0x000000008bd00000, 0x000000008bd00000, 0x000000008be00000|  0%| F|  |TAMS 0x000000008bd00000, 0x000000008bd00000| Untracked 
| 190|0x000000008be00000, 0x000000008be00000, 0x000000008bf00000|  0%| F|  |TAMS 0x000000008be00000, 0x000000008be00000| Untracked 
| 191|0x000000008bf00000, 0x000000008bf00000, 0x000000008c000000|  0%| F|  |TAMS 0x000000008bf00000, 0x000000008bf00000| Untracked 
| 192|0x000000008c000000, 0x000000008c000000, 0x000000008c100000|  0%| F|  |TAMS 0x000000008c000000, 0x000000008c000000| Untracked 
| 193|0x000000008c100000, 0x000000008c100000, 0x000000008c200000|  0%| F|  |TAMS 0x000000008c100000, 0x000000008c100000| Untracked 
| 194|0x000000008c200000, 0x000000008c200000, 0x000000008c300000|  0%| F|  |TAMS 0x000000008c200000, 0x000000008c200000| Untracked 
| 195|0x000000008c300000, 0x000000008c300000, 0x000000008c400000|  0%| F|  |TAMS 0x000000008c300000, 0x000000008c300000| Untracked 
| 196|0x000000008c400000, 0x000000008c400000, 0x000000008c500000|  0%| F|  |TAMS 0x000000008c400000, 0x000000008c400000| Untracked 
| 197|0x000000008c500000, 0x000000008c500000, 0x000000008c600000|  0%| F|  |TAMS 0x000000008c500000, 0x000000008c500000| Untracked 
| 198|0x000000008c600000, 0x000000008c600000, 0x000000008c700000|  0%| F|  |TAMS 0x000000008c600000, 0x000000008c600000| Untracked 
| 199|0x000000008c700000, 0x000000008c700000, 0x000000008c800000|  0%| F|  |TAMS 0x000000008c700000, 0x000000008c700000| Untracked 
| 200|0x000000008c800000, 0x000000008c800000, 0x000000008c900000|  0%| F|  |TAMS 0x000000008c800000, 0x000000008c800000| Untracked 
| 201|0x000000008c900000, 0x000000008c900000, 0x000000008ca00000|  0%| F|  |TAMS 0x000000008c900000, 0x000000008c900000| Untracked 
| 202|0x000000008ca00000, 0x000000008ca00000, 0x000000008cb00000|  0%| F|  |TAMS 0x000000008ca00000, 0x000000008ca00000| Untracked 
| 203|0x000000008cb00000, 0x000000008cb00000, 0x000000008cc00000|  0%| F|  |TAMS 0x000000008cb00000, 0x000000008cb00000| Untracked 
| 204|0x000000008cc00000, 0x000000008cc00000, 0x000000008cd00000|  0%| F|  |TAMS 0x000000008cc00000, 0x000000008cc00000| Untracked 
| 205|0x000000008cd00000, 0x000000008cde8290, 0x000000008ce00000| 90%| E|  |TAMS 0x000000008cd00000, 0x000000008cd00000| Complete 
| 206|0x000000008ce00000, 0x000000008cf00000, 0x000000008cf00000|100%| E|CS|TAMS 0x000000008ce00000, 0x000000008ce00000| Complete 
| 207|0x000000008cf00000, 0x000000008d000000, 0x000000008d000000|100%| E|CS|TAMS 0x000000008cf00000, 0x000000008cf00000| Complete 
| 208|0x000000008d000000, 0x000000008d100000, 0x000000008d100000|100%| E|CS|TAMS 0x000000008d000000, 0x000000008d000000| Complete 
| 209|0x000000008d100000, 0x000000008d200000, 0x000000008d200000|100%| E|CS|TAMS 0x000000008d100000, 0x000000008d100000| Complete 
| 210|0x000000008d200000, 0x000000008d300000, 0x000000008d300000|100%| E|CS|TAMS 0x000000008d200000, 0x000000008d200000| Complete 
| 211|0x000000008d300000, 0x000000008d400000, 0x000000008d400000|100%| E|CS|TAMS 0x000000008d300000, 0x000000008d300000| Complete 
| 212|0x000000008d400000, 0x000000008d500000, 0x000000008d500000|100%| E|CS|TAMS 0x000000008d400000, 0x000000008d400000| Complete 
| 213|0x000000008d500000, 0x000000008d600000, 0x000000008d600000|100%| E|CS|TAMS 0x000000008d500000, 0x000000008d500000| Complete 
| 214|0x000000008d600000, 0x000000008d700000, 0x000000008d700000|100%| E|CS|TAMS 0x000000008d600000, 0x000000008d600000| Complete 
| 215|0x000000008d700000, 0x000000008d800000, 0x000000008d800000|100%| E|CS|TAMS 0x000000008d700000, 0x000000008d700000| Complete 
| 216|0x000000008d800000, 0x000000008d900000, 0x000000008d900000|100%| E|CS|TAMS 0x000000008d800000, 0x000000008d800000| Complete 
| 217|0x000000008d900000, 0x000000008da00000, 0x000000008da00000|100%| E|CS|TAMS 0x000000008d900000, 0x000000008d900000| Complete 
| 218|0x000000008da00000, 0x000000008db00000, 0x000000008db00000|100%| E|  |TAMS 0x000000008da00000, 0x000000008da00000| Complete 
| 219|0x000000008db00000, 0x000000008dc00000, 0x000000008dc00000|100%| E|CS|TAMS 0x000000008db00000, 0x000000008db00000| Complete 
| 220|0x000000008dc00000, 0x000000008dd00000, 0x000000008dd00000|100%| E|CS|TAMS 0x000000008dc00000, 0x000000008dc00000| Complete 
| 221|0x000000008dd00000, 0x000000008de00000, 0x000000008de00000|100%| E|CS|TAMS 0x000000008dd00000, 0x000000008dd00000| Complete 
| 222|0x000000008de00000, 0x000000008df00000, 0x000000008df00000|100%| E|CS|TAMS 0x000000008de00000, 0x000000008de00000| Complete 
| 223|0x000000008df00000, 0x000000008e000000, 0x000000008e000000|100%| E|CS|TAMS 0x000000008df00000, 0x000000008df00000| Complete 
| 224|0x000000008e000000, 0x000000008e100000, 0x000000008e100000|100%| E|CS|TAMS 0x000000008e000000, 0x000000008e000000| Complete 
| 225|0x000000008e100000, 0x000000008e200000, 0x000000008e200000|100%| E|CS|TAMS 0x000000008e100000, 0x000000008e100000| Complete 
| 226|0x000000008e200000, 0x000000008e300000, 0x000000008e300000|100%| E|CS|TAMS 0x000000008e200000, 0x000000008e200000| Complete 
| 227|0x000000008e300000, 0x000000008e400000, 0x000000008e400000|100%| E|CS|TAMS 0x000000008e300000, 0x000000008e300000| Complete 
| 228|0x000000008e400000, 0x000000008e500000, 0x000000008e500000|100%| E|CS|TAMS 0x000000008e400000, 0x000000008e400000| Complete 
| 229|0x000000008e500000, 0x000000008e600000, 0x000000008e600000|100%| E|CS|TAMS 0x000000008e500000, 0x000000008e500000| Complete 
| 230|0x000000008e600000, 0x000000008e700000, 0x000000008e700000|100%| E|CS|TAMS 0x000000008e600000, 0x000000008e600000| Complete 
| 231|0x000000008e700000, 0x000000008e800000, 0x000000008e800000|100%| E|CS|TAMS 0x000000008e700000, 0x000000008e700000| Complete 
| 232|0x000000008e800000, 0x000000008e900000, 0x000000008e900000|100%| E|CS|TAMS 0x000000008e800000, 0x000000008e800000| Complete 
| 233|0x000000008e900000, 0x000000008ea00000, 0x000000008ea00000|100%| E|CS|TAMS 0x000000008e900000, 0x000000008e900000| Complete 
| 234|0x000000008ea00000, 0x000000008eb00000, 0x000000008eb00000|100%| E|CS|TAMS 0x000000008ea00000, 0x000000008ea00000| Complete 
| 235|0x000000008eb00000, 0x000000008ec00000, 0x000000008ec00000|100%| E|CS|TAMS 0x000000008eb00000, 0x000000008eb00000| Complete 
| 236|0x000000008ec00000, 0x000000008ed00000, 0x000000008ed00000|100%| E|CS|TAMS 0x000000008ec00000, 0x000000008ec00000| Complete 
| 237|0x000000008ed00000, 0x000000008ee00000, 0x000000008ee00000|100%| E|CS|TAMS 0x000000008ed00000, 0x000000008ed00000| Complete 
| 238|0x000000008ee00000, 0x000000008ef00000, 0x000000008ef00000|100%| E|CS|TAMS 0x000000008ee00000, 0x000000008ee00000| Complete 
| 239|0x000000008ef00000, 0x000000008f000000, 0x000000008f000000|100%| E|CS|TAMS 0x000000008ef00000, 0x000000008ef00000| Complete 
| 240|0x000000008f000000, 0x000000008f100000, 0x000000008f100000|100%| E|CS|TAMS 0x000000008f000000, 0x000000008f000000| Complete 
| 241|0x000000008f100000, 0x000000008f200000, 0x000000008f200000|100%| E|CS|TAMS 0x000000008f100000, 0x000000008f100000| Complete 
| 242|0x000000008f200000, 0x000000008f300000, 0x000000008f300000|100%| E|CS|TAMS 0x000000008f200000, 0x000000008f200000| Complete 
| 243|0x000000008f300000, 0x000000008f400000, 0x000000008f400000|100%| E|CS|TAMS 0x000000008f300000, 0x000000008f300000| Complete 
| 244|0x000000008f400000, 0x000000008f500000, 0x000000008f500000|100%| E|CS|TAMS 0x000000008f400000, 0x000000008f400000| Complete 
| 245|0x000000008f500000, 0x000000008f600000, 0x000000008f600000|100%| E|CS|TAMS 0x000000008f500000, 0x000000008f500000| Complete 
| 246|0x000000008f600000, 0x000000008f700000, 0x000000008f700000|100%| E|CS|TAMS 0x000000008f600000, 0x000000008f600000| Complete 
| 247|0x000000008f700000, 0x000000008f800000, 0x000000008f800000|100%| E|CS|TAMS 0x000000008f700000, 0x000000008f700000| Complete 
| 248|0x000000008f800000, 0x000000008f900000, 0x000000008f900000|100%| E|CS|TAMS 0x000000008f800000, 0x000000008f800000| Complete 
| 249|0x000000008f900000, 0x000000008fa00000, 0x000000008fa00000|100%| E|CS|TAMS 0x000000008f900000, 0x000000008f900000| Complete 
| 250|0x000000008fa00000, 0x000000008fb00000, 0x000000008fb00000|100%| E|CS|TAMS 0x000000008fa00000, 0x000000008fa00000| Complete 
| 251|0x000000008fb00000, 0x000000008fc00000, 0x000000008fc00000|100%| E|CS|TAMS 0x000000008fb00000, 0x000000008fb00000| Complete 
| 252|0x000000008fc00000, 0x000000008fd00000, 0x000000008fd00000|100%| E|CS|TAMS 0x000000008fc00000, 0x000000008fc00000| Complete 
| 253|0x000000008fd00000, 0x000000008fe00000, 0x000000008fe00000|100%| E|CS|TAMS 0x000000008fd00000, 0x000000008fd00000| Complete 
| 254|0x000000008fe00000, 0x000000008ff00000, 0x000000008ff00000|100%| E|CS|TAMS 0x000000008fe00000, 0x000000008fe00000| Complete 
| 255|0x000000008ff00000, 0x0000000090000000, 0x0000000090000000|100%| E|CS|TAMS 0x000000008ff00000, 0x000000008ff00000| Complete 

Card table byte_map: [0x000001ded37f0000,0x000001ded3bf0000] _byte_map_base: 0x000001ded33f0000

Marking Bits (Prev, Next): (CMBitMap*) 0x000001debab1e778, (CMBitMap*) 0x000001debab1e7b0
 Prev Bits: [0x000001ded3ff0000, 0x000001ded5ff0000)
 Next Bits: [0x000001ded5ff0000, 0x000001ded7ff0000)

Polling page: 0x000001debabc0000

Metaspace:

Usage:
  Non-class:     61.89 MB capacity,    60.56 MB ( 98%) used,     1.10 MB (  2%) free+waste,   238.75 KB ( <1%) overhead. 
      Class:     10.30 MB capacity,     9.38 MB ( 91%) used,   815.13 KB (  8%) free+waste,   119.88 KB (  1%) overhead. 
       Both:     72.19 MB capacity,    69.94 MB ( 97%) used,     1.89 MB (  3%) free+waste,   358.63 KB ( <1%) overhead. 

Virtual space:
  Non-class space:       64.00 MB reserved,      62.07 MB ( 97%) committed 
      Class space:      504.00 MB reserved,      10.34 MB (  2%) committed 
             Both:      568.00 MB reserved,      72.41 MB ( 13%) committed 

Chunk freelists:
   Non-Class:  7.00 KB
       Class:  0 bytes
        Both:  7.00 KB

CodeHeap 'non-profiled nmethods': size=120000Kb used=4595Kb max_used=4595Kb free=115404Kb
 bounds [0x000001decb450000, 0x000001decb8d0000, 0x000001ded2980000]
CodeHeap 'profiled nmethods': size=120000Kb used=16280Kb max_used=16280Kb free=103720Kb
 bounds [0x000001dec3f20000, 0x000001dec4f10000, 0x000001decb450000]
CodeHeap 'non-nmethods': size=5760Kb used=2297Kb max_used=2329Kb free=3462Kb
 bounds [0x000001dec3980000, 0x000001dec3bf0000, 0x000001dec3f20000]
 total_blobs=8708 nmethods=7802 adapters=816
 compilation: enabled
              stopped_count=0, restarted_count=0
 full_count=0

Compilation events (10 events):
Event: 27.019 Thread 0x000001dedb346800 7827       4       sun.nio.cs.UTF_8$Decoder::decodeArrayLoop (691 bytes)
Event: 27.020 Thread 0x000001dedb39b800 7828       3       org.gradle.internal.logging.text.AbstractStyledTextOutput::style (20 bytes)
Event: 27.020 Thread 0x000001dedb39b800 nmethod 7828 0x000001dec4efb210 code [0x000001dec4efb3c0, 0x000001dec4efb628]
Event: 27.020 Thread 0x000001dedb39b800 7829       1       org.gradle.launcher.daemon.server.exec.LogToClient::access$100 (5 bytes)
Event: 27.020 Thread 0x000001dedb39b800 nmethod 7829 0x000001decb8cca10 code [0x000001decb8ccba0, 0x000001decb8ccc38]
Event: 27.020 Thread 0x000001dedb39b800 7830       3       org.gradle.internal.event.BroadcastDispatch$CompositeDispatch::dispatch (9 bytes)
Event: 27.020 Thread 0x000001dedb39b800 nmethod 7830 0x000001dec4efb710 code [0x000001dec4efb8e0, 0x000001dec4efbcb8]
Event: 27.020 Thread 0x000001dedb39b800 7831       3       org.gradle.internal.event.BroadcastDispatch$CompositeDispatch::dispatch (15 bytes)
Event: 27.021 Thread 0x000001dedb39b800 nmethod 7831 0x000001dec4efbe10 code [0x000001dec4efbfc0, 0x000001dec4efc238]
Event: 27.021 Thread 0x000001dedb39b800 7832       3       org.gradle.internal.logging.console.StyledTextOutputBackedRenderer::onOutput (260 bytes)

GC Heap History (10 events):
Event: 4.810 GC heap before
{Heap before GC invocations=6 (full 0):
 garbage-first heap   total 262144K, used 65869K [0x0000000080000000, 0x0000000100000000)
  region size 1024K, 50 young (51200K), 4 survivors (4096K)
 Metaspace       used 34829K, capacity 35629K, committed 35708K, reserved 548864K
  class space    used 4546K, capacity 4864K, committed 4864K, reserved 516096K
}
Event: 4.815 GC heap after
{Heap after GC invocations=7 (full 0):
 garbage-first heap   total 262144K, used 22702K [0x0000000080000000, 0x0000000100000000)
  region size 1024K, 7 young (7168K), 7 survivors (7168K)
 Metaspace       used 34829K, capacity 35629K, committed 35708K, reserved 548864K
  class space    used 4546K, capacity 4864K, committed 4864K, reserved 516096K
}
Event: 7.890 GC heap before
{Heap before GC invocations=8 (full 0):
 garbage-first heap   total 262144K, used 137390K [0x0000000080000000, 0x0000000100000000)
  region size 1024K, 116 young (118784K), 7 survivors (7168K)
 Metaspace       used 43196K, capacity 44368K, committed 44488K, reserved 555008K
  class space    used 5524K, capacity 6002K, committed 6016K, reserved 516096K
}
Event: 7.900 GC heap after
{Heap after GC invocations=9 (full 0):
 garbage-first heap   total 262144K, used 31342K [0x0000000080000000, 0x0000000100000000)
  region size 1024K, 15 young (15360K), 15 survivors (15360K)
 Metaspace       used 43196K, capacity 44368K, committed 44488K, reserved 555008K
  class space    used 5524K, capacity 6002K, committed 6016K, reserved 516096K
}
Event: 9.418 GC heap before
{Heap before GC invocations=9 (full 0):
 garbage-first heap   total 262144K, used 176750K [0x0000000080000000, 0x0000000100000000)
  region size 1024K, 153 young (156672K), 15 survivors (15360K)
 Metaspace       used 54033K, capacity 55607K, committed 55752K, reserved 565248K
  class space    used 7142K, capacity 7795K, committed 7808K, reserved 516096K
}
Event: 9.435 GC heap after
{Heap after GC invocations=10 (full 0):
 garbage-first heap   total 262144K, used 41858K [0x0000000080000000, 0x0000000100000000)
  region size 1024K, 15 young (15360K), 15 survivors (15360K)
 Metaspace       used 54033K, capacity 55607K, committed 55752K, reserved 565248K
  class space    used 7142K, capacity 7795K, committed 7808K, reserved 516096K
}
Event: 9.958 GC heap before
{Heap before GC invocations=10 (full 0):
 garbage-first heap   total 262144K, used 99202K [0x0000000080000000, 0x0000000100000000)
  region size 1024K, 72 young (73728K), 15 survivors (15360K)
 Metaspace       used 58296K, capacity 59956K, committed 60068K, reserved 569344K
  class space    used 7754K, capacity 8477K, committed 8540K, reserved 516096K
}
Event: 9.968 GC heap after
{Heap after GC invocations=11 (full 0):
 garbage-first heap   total 262144K, used 44091K [0x0000000080000000, 0x0000000100000000)
  region size 1024K, 10 young (10240K), 10 survivors (10240K)
 Metaspace       used 58296K, capacity 59956K, committed 60068K, reserved 569344K
  class space    used 7754K, capacity 8477K, committed 8540K, reserved 516096K
}
Event: 11.392 GC heap before
{Heap before GC invocations=12 (full 0):
 garbage-first heap   total 262144K, used 174139K [0x0000000080000000, 0x0000000100000000)
  region size 1024K, 137 young (140288K), 10 survivors (10240K)
 Metaspace       used 66467K, capacity 68497K, committed 68772K, reserved 575488K
  class space    used 8887K, capacity 9761K, committed 9820K, reserved 516096K
}
Event: 11.403 GC heap after
{Heap after GC invocations=13 (full 0):
 garbage-first heap   total 262144K, used 49493K [0x0000000080000000, 0x0000000100000000)
  region size 1024K, 16 young (16384K), 16 survivors (16384K)
 Metaspace       used 66467K, capacity 68497K, committed 68772K, reserved 575488K
  class space    used 8887K, capacity 9761K, committed 9820K, reserved 516096K
}

Deoptimization events (10 events):
Event: 13.071 Thread 0x000001dedcb07000 Uncommon trap: reason=class_check action=maybe_recompile pc=0x000001decb56a1f4 method=java.io.DataOutputStream.write(I)V @ 5 c2
Event: 13.071 Thread 0x000001dedcb07000 Uncommon trap: reason=class_check action=maybe_recompile pc=0x000001decb56a1f4 method=java.io.DataOutputStream.write(I)V @ 5 c2
Event: 13.071 Thread 0x000001dedcb07000 Uncommon trap: reason=class_check action=maybe_recompile pc=0x000001decb542168 method=java.io.DataOutputStream.write(I)V @ 5 c2
Event: 13.157 Thread 0x000001dedcb07000 Uncommon trap: reason=unstable_if action=reinterpret pc=0x000001decb4feed8 method=java.util.Objects.equals(Ljava/lang/Object;Ljava/lang/Object;)Z @ 6 c2
Event: 13.190 Thread 0x000001dedcb07000 Uncommon trap: reason=unstable_if action=reinterpret pc=0x000001decb5b7b7c method=java.util.WeakHashMap.eq(Ljava/lang/Object;Ljava/lang/Object;)Z @ 2 c2
Event: 13.207 Thread 0x000001dedcb07000 Uncommon trap: reason=class_check action=maybe_recompile pc=0x000001decb7ab12c method=java.lang.reflect.Array.newInstance(Ljava/lang/Class;I)Ljava/lang/Object; @ 2 c2
Event: 13.337 Thread 0x000001dedde7d000 Uncommon trap: reason=class_check action=maybe_recompile pc=0x000001decb7ab12c method=java.lang.reflect.Array.newInstance(Ljava/lang/Class;I)Ljava/lang/Object; @ 2 c2
Event: 19.363 Thread 0x000001dedd363000 Uncommon trap: reason=unstable_if action=reinterpret pc=0x000001decb7a3f74 method=com.esotericsoftware.kryo.io.Output.writeString(Ljava/lang/CharSequence;)V @ 50 c2
Event: 22.755 Thread 0x000001dede034800 Uncommon trap: reason=unstable_if action=reinterpret pc=0x000001decb49cce4 method=java.lang.AbstractStringBuilder.append(Ljava/lang/String;)Ljava/lang/AbstractStringBuilder; @ 1 c2
Event: 27.020 Thread 0x000001dedde7b800 Uncommon trap: reason=unstable_if action=reinterpret pc=0x000001decb6a66b8 method=java.lang.ThreadLocal.get()Ljava/lang/Object; @ 11 c2

Classes redefined (0 events):
No events

Internal exceptions (10 events):
Event: 13.329 Thread 0x000001dedde7d000 Exception <a 'java/lang/NoSuchMethodError'{0x000000008cfc7828}: java.lang.invoke.DirectMethodHandle$Holder.invokeStatic(Ljava/lang/Object;Ljava/lang/Object;Ljava/lang/Object;Ljava/lang/Object;Ljava/lang/Object;Ljava/lang/Object;Ljava/lang/Object;Ljava/lan
Event: 13.330 Thread 0x000001dedde7d000 Exception <a 'java/lang/NoSuchMethodError'{0x000000008cfd4298}: java.lang.invoke.DirectMethodHandle$Holder.invokeStatic(Ljava/lang/Object;Ljava/lang/Object;Ljava/lang/Object;Ljava/lang/Object;Ljava/lang/Object;Ljava/lang/Object;Ljava/lang/Object;Ljava/lan
Event: 13.332 Thread 0x000001dedde7d000 Exception <a 'java/lang/NoSuchMethodError'{0x000000008cfed728}: java.lang.invoke.DelegatingMethodHandle$Holder.reinvoke_L(Ljava/lang/Object;ILjava/lang/Object;)Ljava/lang/Object;> (0x000000008cfed728) thrown at [./open/src/hotspot/share/interpreter/linkRe
Event: 19.348 Thread 0x000001dedde7d000 Exception <a 'sun/net/ConnectionResetException'{0x000000008ce01d40}: > (0x000000008ce01d40) thrown at [./open/src/hotspot/share/prims/jni.cpp, line 632]
Event: 19.348 Thread 0x000001dedcb07000 Exception <a 'sun/net/ConnectionResetException'{0x000000008cf80700}: > (0x000000008cf80700) thrown at [./open/src/hotspot/share/prims/jni.cpp, line 632]
Event: 21.406 Thread 0x000001dedcb07000 Exception <a 'java/net/ConnectException'{0x000000008ce8d750}: Connection refused: connect> (0x000000008ce8d750) thrown at [./open/src/hotspot/share/prims/jni.cpp, line 632]
Event: 22.755 Thread 0x000001dede034800 Implicit null exception at 0x000001decb49c7f4 to 0x000001decb49cccc
Event: 23.435 Thread 0x000001dedcb07000 Exception <a 'java/net/ConnectException'{0x000000008ce8eb20}: Connection refused: connect> (0x000000008ce8eb20) thrown at [./open/src/hotspot/share/prims/jni.cpp, line 632]
Event: 25.474 Thread 0x000001dedcb07000 Exception <a 'java/net/ConnectException'{0x000000008ce8fda0}: Connection refused: connect> (0x000000008ce8fda0) thrown at [./open/src/hotspot/share/prims/jni.cpp, line 632]
Event: 27.019 Thread 0x000001dedde7b800 Implicit null exception at 0x000001decb6a648d to 0x000001decb6a66a8

Events (10 events):
Event: 25.496 Thread 0x000001dedde7b800 Thread added: 0x000001dedde7b800
Event: 25.497 loading class org/jetbrains/kotlin/compilerRunner/ReportUtilsKt$runToolInSeparateProcess$1
Event: 25.497 loading class org/jetbrains/kotlin/compilerRunner/ReportUtilsKt$runToolInSeparateProcess$1 done
Event: 25.497 loading class org/jetbrains/kotlin/compilerRunner/ReportUtilsKt$runToolInSeparateProcess$readErrThread$1$1
Event: 25.497 loading class org/jetbrains/kotlin/compilerRunner/ReportUtilsKt$runToolInSeparateProcess$readErrThread$1$1 done
Event: 27.019 Thread 0x000001dedde7b800 DEOPT PACKING pc=0x000001dec4192a77 sp=0x00000047b33fe660
Event: 27.019 Thread 0x000001dedde7b800 DEOPT UNPACKING pc=0x000001dec39a6dde sp=0x00000047b33fdc00 mode 0
Event: 27.019 Thread 0x000001dedde7b800 Uncommon trap: trap_request=0xffffff4d fr.pc=0x000001decb6a66b8 relative=0x0000000000000278
Event: 27.020 Thread 0x000001dedde7b800 DEOPT PACKING pc=0x000001decb6a66b8 sp=0x00000047b33fea10
Event: 27.020 Thread 0x000001dedde7b800 DEOPT UNPACKING pc=0x000001dec39a662f sp=0x00000047b33fe9c8 mode 2


Dynamic libraries:
0x00007ff73c0c0000 - 0x00007ff73c0cf000 	C:\Program Files\Java\jdk-11.0.15\bin\java.exe
0x00007ff968110000 - 0x00007ff968308000 	C:\WINDOWS\SYSTEM32\ntdll.dll
0x00007ff966580000 - 0x00007ff96663f000 	C:\WINDOWS\System32\KERNEL32.DLL
0x00007ff9658a0000 - 0x00007ff965b96000 	C:\WINDOWS\System32\KERNELBASE.dll
0x00007ff965bd0000 - 0x00007ff965cd0000 	C:\WINDOWS\System32\ucrtbase.dll
0x00007ff9357c0000 - 0x00007ff9357d5000 	C:\Program Files\Java\jdk-11.0.15\bin\VCRUNTIME140.dll
0x00007ff936ee0000 - 0x00007ff936ef8000 	C:\Program Files\Java\jdk-11.0.15\bin\jli.dll
0x00007ff966a10000 - 0x00007ff966abf000 	C:\WINDOWS\System32\ADVAPI32.dll
0x00007ff9663b0000 - 0x00007ff96644e000 	C:\WINDOWS\System32\msvcrt.dll
0x00007ff966d40000 - 0x00007ff966ddc000 	C:\WINDOWS\System32\sechost.dll
0x00007ff967c80000 - 0x00007ff967da6000 	C:\WINDOWS\System32\RPCRT4.dll
0x00007ff967f30000 - 0x00007ff9680cd000 	C:\WINDOWS\System32\USER32.dll
0x00007ff965cd0000 - 0x00007ff965cf2000 	C:\WINDOWS\System32\win32u.dll
0x00007ff95be60000 - 0x00007ff95c0fa000 	C:\WINDOWS\WinSxS\amd64_microsoft.windows.common-controls_6595b64144ccf1df_6.0.19041.1110_none_60b5254171f9507e\COMCTL32.dll
0x00007ff967c30000 - 0x00007ff967c5c000 	C:\WINDOWS\System32\GDI32.dll
0x00007ff965ef0000 - 0x00007ff966005000 	C:\WINDOWS\System32\gdi32full.dll
0x00007ff965d90000 - 0x00007ff965e2d000 	C:\WINDOWS\System32\msvcp_win.dll
0x00007ff9610c0000 - 0x00007ff9610ca000 	C:\WINDOWS\SYSTEM32\VERSION.dll
0x00007ff9661d0000 - 0x00007ff966200000 	C:\WINDOWS\System32\IMM32.DLL
0x00007ff927910000 - 0x00007ff9279ab000 	C:\Program Files\Java\jdk-11.0.15\bin\msvcp140.dll
0x00007ff8ed0e0000 - 0x00007ff8edbf6000 	C:\Program Files\Java\jdk-11.0.15\bin\server\jvm.dll
0x00007ff967c20000 - 0x00007ff967c28000 	C:\WINDOWS\System32\PSAPI.DLL
0x00007ff957780000 - 0x00007ff957789000 	C:\WINDOWS\SYSTEM32\WSOCK32.dll
0x00007ff9592b0000 - 0x00007ff9592d7000 	C:\WINDOWS\SYSTEM32\WINMM.dll
0x00007ff9669a0000 - 0x00007ff966a0b000 	C:\WINDOWS\System32\WS2_32.dll
0x00007ff963450000 - 0x00007ff963462000 	C:\WINDOWS\SYSTEM32\kernel.appcore.dll
0x00007ff9451c0000 - 0x00007ff9451d0000 	C:\Program Files\Java\jdk-11.0.15\bin\verify.dll
0x00007ff9603c0000 - 0x00007ff9605a4000 	C:\WINDOWS\SYSTEM32\DBGHELP.DLL
0x00007ff9601c0000 - 0x00007ff9601f4000 	C:\WINDOWS\SYSTEM32\dbgcore.DLL
0x00007ff965d00000 - 0x00007ff965d82000 	C:\WINDOWS\System32\bcryptPrimitives.dll
0x00007ff927db0000 - 0x00007ff927dd8000 	C:\Program Files\Java\jdk-11.0.15\bin\java.dll
0x00007ff9437c0000 - 0x00007ff9437ca000 	C:\Program Files\Java\jdk-11.0.15\bin\jimage.dll
0x00007ff9355a0000 - 0x00007ff9355b6000 	C:\Program Files\Java\jdk-11.0.15\bin\zip.dll
0x00007ff9674d0000 - 0x00007ff967c14000 	C:\WINDOWS\System32\SHELL32.dll
0x00007ff963730000 - 0x00007ff963ec3000 	C:\WINDOWS\SYSTEM32\windows.storage.dll
0x00007ff966640000 - 0x00007ff966994000 	C:\WINDOWS\System32\combase.dll
0x00007ff965160000 - 0x00007ff96518e000 	C:\WINDOWS\SYSTEM32\Wldp.dll
0x00007ff967380000 - 0x00007ff96742d000 	C:\WINDOWS\System32\SHCORE.dll
0x00007ff967ed0000 - 0x00007ff967f25000 	C:\WINDOWS\System32\shlwapi.dll
0x00007ff965730000 - 0x00007ff96574f000 	C:\WINDOWS\SYSTEM32\profapi.dll
0x00007ff930740000 - 0x00007ff930759000 	C:\Program Files\Java\jdk-11.0.15\bin\net.dll
0x00007ff964770000 - 0x00007ff96487a000 	C:\WINDOWS\SYSTEM32\WINHTTP.dll
0x00007ff964ed0000 - 0x00007ff964f3a000 	C:\WINDOWS\system32\mswsock.dll
0x00007ff92ef90000 - 0x00007ff92efa2000 	C:\Program Files\Java\jdk-11.0.15\bin\nio.dll
0x00007ff9278e0000 - 0x00007ff927907000 	C:\Users\DmitrySergienko\.gradle\native\e1d6ef7f7dcc3fd88c89a11ec53ec762bb8ba0a96d01ffa2cd45eb1d1d8dd5c5\windows-amd64\native-platform.dll
0x00007ff918720000 - 0x00007ff918864000 	C:\Users\DmitrySergienko\.gradle\native\0d407fdbe67a94daf76414ababcb853783967236a71b16ec16e742cd7a986fd3\windows-amd64\native-platform-file-events.dll
0x00007ff943740000 - 0x00007ff943749000 	C:\Program Files\Java\jdk-11.0.15\bin\management.dll
0x00007ff93e650000 - 0x00007ff93e65b000 	C:\Program Files\Java\jdk-11.0.15\bin\management_ext.dll
0x00007ff9650c0000 - 0x00007ff9650d8000 	C:\WINDOWS\SYSTEM32\CRYPTSP.dll
0x00007ff9646e0000 - 0x00007ff964714000 	C:\WINDOWS\system32\rsaenh.dll
0x00007ff965ba0000 - 0x00007ff965bc7000 	C:\WINDOWS\System32\bcrypt.dll
0x00007ff9656f0000 - 0x00007ff96571e000 	C:\WINDOWS\SYSTEM32\USERENV.dll
0x00007ff9653b0000 - 0x00007ff9653bc000 	C:\WINDOWS\SYSTEM32\CRYPTBASE.dll
0x00007ff964bc0000 - 0x00007ff964bfc000 	C:\WINDOWS\SYSTEM32\IPHLPAPI.DLL
0x00007ff967440000 - 0x00007ff967448000 	C:\WINDOWS\System32\NSI.dll
0x00007ff960200000 - 0x00007ff960217000 	C:\WINDOWS\SYSTEM32\dhcpcsvc6.DLL
0x00007ff9601a0000 - 0x00007ff9601bd000 	C:\WINDOWS\SYSTEM32\dhcpcsvc.DLL
0x00007ff964c00000 - 0x00007ff964ccb000 	C:\WINDOWS\SYSTEM32\DNSAPI.dll
0x00007ff92b030000 - 0x00007ff92b04e000 	C:\Users\DmitrySergienko\AppData\Local\Temp\native-platform16279792296271145347dir\native-platform.dll
0x00007ff93e050000 - 0x00007ff93e057000 	C:\Program Files\Java\jdk-11.0.15\bin\rmi.dll

dbghelp: loaded successfully - version: 4.0.5 - missing functions: none
symbol engine: initialized successfully - sym options: 0x614 - pdb path: .;C:\Program Files\Java\jdk-11.0.15\bin;C:\WINDOWS\SYSTEM32;C:\WINDOWS\WinSxS\amd64_microsoft.windows.common-controls_6595b64144ccf1df_6.0.19041.1110_none_60b5254171f9507e;C:\Program Files\Java\jdk-11.0.15\bin\server;C:\Users\DmitrySergienko\.gradle\native\e1d6ef7f7dcc3fd88c89a11ec53ec762bb8ba0a96d01ffa2cd45eb1d1d8dd5c5\windows-amd64;C:\Users\DmitrySergienko\.gradle\native\0d407fdbe67a94daf76414ababcb853783967236a71b16ec16e742cd7a986fd3\windows-amd64;C:\Users\DmitrySergienko\AppData\Local\Temp\native-platform16279792296271145347dir

VM Arguments:
jvm_args: -XX:MaxMetaspaceSize=512m --add-opens=java.base/java.util=ALL-UNNAMED --add-opens=java.base/java.lang=ALL-UNNAMED --add-opens=java.base/java.lang.invoke=ALL-UNNAMED --add-opens=java.base/java.util=ALL-UNNAMED --add-opens=java.prefs/java.util.prefs=ALL-UNNAMED --add-opens=java.prefs/java.util.prefs=ALL-UNNAMED --add-opens=java.base/java.nio.charset=ALL-UNNAMED --add-opens=java.base/java.net=ALL-UNNAMED --add-opens=java.base/java.util.concurrent.atomic=ALL-UNNAMED -Xmx2048m -Dfile.encoding=windows-1252 -Duser.country=AE -Duser.language=en -Duser.variant 
java_command: org.gradle.launcher.daemon.bootstrap.GradleDaemon 7.5.1
java_class_path (initial): C:\Users\DmitrySergienko\.gradle\wrapper\dists\gradle-7.5.1-all\1ehga6e77gqps5uk2kc5kf1vc\gradle-7.5.1\lib\gradle-launcher-7.5.1.jar
Launcher Type: SUN_STANDARD

[Global flags]
     intx CICompilerCount                          = 4                                         {product} {ergonomic}
   size_t CompressedClassSpaceSize                 = 528482304                                 {product} {ergonomic}
     uint ConcGCThreads                            = 2                                         {product} {ergonomic}
     uint G1ConcRefinementThreads                  = 8                                         {product} {ergonomic}
   size_t G1HeapRegionSize                         = 1048576                                   {product} {ergonomic}
    uintx GCDrainStackTargetSize                   = 64                                        {product} {ergonomic}
   size_t InitialHeapSize                          = 268435456                                 {product} {ergonomic}
   size_t MarkStackSize                            = 4194304                                   {product} {ergonomic}
   size_t MaxHeapSize                              = 2147483648                                {product} {command line}
   size_t MaxMetaspaceSize                         = 536870912                                 {product} {command line}
   size_t MaxNewSize                               = 1287651328                                {product} {ergonomic}
   size_t MinHeapDeltaBytes                        = 1048576                                   {product} {ergonomic}
    uintx NonNMethodCodeHeapSize                   = 5836300                                {pd product} {ergonomic}
    uintx NonProfiledCodeHeapSize                  = 122910970                              {pd product} {ergonomic}
    uintx ProfiledCodeHeapSize                     = 122910970                              {pd product} {ergonomic}
    uintx ReservedCodeCacheSize                    = 251658240                              {pd product} {ergonomic}
     bool SegmentedCodeCache                       = true                                      {product} {ergonomic}
     bool UseCompressedClassPointers               = true                                 {lp64_product} {ergonomic}
     bool UseCompressedOops                        = true                                 {lp64_product} {ergonomic}
     bool UseG1GC                                  = true                                      {product} {ergonomic}
     bool UseLargePagesIndividualAllocation        = false                                  {pd product} {ergonomic}

Logging:
Log output configuration:
 #0: stdout all=warning uptime,level,tags
 #1: stderr all=off uptime,level,tags

Environment Variables:
JAVA_HOME=C:\Program Files\Java\jdk-11.0.15
CLASSPATH=C:\Users\DmitrySergienko\ToDoApp\android\\gradle\wrapper\gradle-wrapper.jar
PATH=C:\Users\DmitrySergienko\ToDoApp\android\node_modules\.bin;C:\Users\DmitrySergienko\ToDoApp\node_modules\.bin;C:\Users\DmitrySergienko\node_modules\.bin;C:\Users\node_modules\.bin;C:\node_modules\.bin;C:\Program Files\nodejs;C:\Users\DmitrySergienko\ToDoApp\node_modules\.bin;C:\Users\DmitrySergienko\ToDoApp\node_modules\.bin;C:\Users\DmitrySergienko\node_modules\.bin;C:\Users\node_modules\.bin;C:\node_modules\.bin;C:\Program Files\nodejs\node_modules\npm\node_modules\@npmcli\run-script\lib\node-gyp-bin;C:\Users\DmitrySergienko\ToDoApp\node_modules\.bin;C:\Users\DmitrySergienko\node_modules\.bin;C:\Users\node_modules\.bin;C:\node_modules\.bin;C:\Program Files\nodejs;C:\Users\DmitrySergienko\ToDoApp\node_modules\.bin;C:\Users\DmitrySergienko\ToDoApp\node_modules\.bin;C:\Users\DmitrySergienko\node_modules\.bin;C:\Users\node_modules\.bin;C:\node_modules\.bin;C:\Program Files\nodejs\node_modules\npm\node_modules\@npmcli\run-script\lib\node-gyp-bin;C:\DevSuiteHome_1\jdk\jre\bin\classic;C:\DevSuiteHome_1\jdk\jre\bin;C:\DevSuiteHome_1\jdk\jre\bin\client;C:\DevSuiteHome_1\jlib;C:\DevSuiteHome_1\bin;C:\DevSuiteHome_1\jre\1.4.2\bin\client;C:\DevSuiteHome_1\jre\1.4.2\bin;C:\Program Files (x86)\Common Files\Oracle\Java\javapath;C:\Program Files\AdoptOpenJDK\jdk-8.0.292.10-hotspot\bin;C:\WINDOWS\system32;C:\WINDOWS;C:\WINDOWS\System32\Wbem;C:\WINDOWS\System32\WindowsPowerShell\v1.0\;C:\WINDOWS\System32\OpenSSH\;C:\Program Files\PuTTY\;C:\instantclient_19_12;C:\Program Files\Git\cmd;C:\Program Files\nodejs\;C:\Program Files\Microsoft SQL Server\Client SDK\ODBC\110\Tools\Binn\;C:\Program Files (x86)\Microsoft SQL Server\120\Tools\Binn\ManagementStudio\;C:\Program Files (x86)\Microsoft SQL Server\120\Tools\Binn\;C:\Program Files\Microsoft SQL Server\120\Tools\Binn\;C:\Program Files (x86)\Microsoft SQL Server\120\DTS\Binn\;C:\Program Files\Microsoft SQL Server\120\DTS\Binn\;C:\Users\DmitrySergienko\AppData\Local\Microsoft\WindowsApps;;C:\Users\DmitrySergienko\AppData\Local\Programs
USERNAME=DmitrySergienko
OS=Windows_NT
PROCESSOR_IDENTIFIER=Intel64 Family 6 Model 94 Stepping 3, GenuineIntel



---------------  S Y S T E M  ---------------

OS: Windows 10 , 64 bit Build 19041 (10.0.19041.2913)

CPU:total 8 (initial active 8) (4 cores per cpu, 2 threads per core) family 6 model 94 stepping 3 microcode 0xcc, cmov, cx8, fxsr, mmx, sse, sse2, sse3, ssse3, sse4.1, sse4.2, popcnt, avx, avx2, aes, clmul, erms, rtm, 3dnowpref, lzcnt, ht, tsc, tscinvbit, bmi1, bmi2, adx, fma

Memory: 4k page, system-wide physical 16273M (2244M free)
TotalPageFile size 19273M (AvailPageFile size 381M)
current process WorkingSet (physical memory assigned to process): 387M, peak: 430M
current process commit charge ("private bytes"): 485M, peak: 529M

vm_info: Java HotSpot(TM) 64-Bit Server VM (11.0.15+8-LTS-149) for windows-amd64 JRE (11.0.15+8-LTS-149), built on Mar  9 2022 22:42:32 by "mach5one" with MS VC++ 15.9 (VS2017)

END.
